2023-02-12 19:08:07.210 [info] Log level: Info
2023-02-12 19:08:07.210 [info] Validating found git in: "git"
2023-02-12 19:08:07.210 [info] Using git "1.8.3.1" from "git"
2023-02-12 19:08:22.679 [info] Log level: Info
2023-02-12 19:08:22.679 [info] Validating found git in: "git"
2023-02-12 19:08:22.679 [info] Using git "1.8.3.1" from "git"
2023-02-12 19:08:22.679 [info] > git rev-parse --show-toplevel [7ms]
2023-02-12 19:08:22.679 [info] > git rev-parse --git-dir --git-common-dir [5ms]
2023-02-12 19:08:22.679 [info] Open repository: /home/gopath/src/client-go-exercise
2023-02-12 19:08:22.680 [warning] ENOENT: no such file or directory, open '/home/gopath/src/client-go-exercise/--git-common-dir/config'
2023-02-12 19:08:22.686 [info] > git config --get commit.template [14ms]
2023-02-12 19:08:22.687 [info] > git remote --verbose [29ms]
2023-02-12 19:08:22.702 [info] > git for-each-ref --format=%(refname)%00%(upstream:short)%00%(objectname) refs/heads/main refs/remotes/main [1ms]
2023-02-12 19:08:22.716 [info] > git rev-list --left-right --count main...origin/main [4ms]
2023-02-12 19:08:22.739 [info] > git status -z -uall [11ms]
2023-02-12 19:08:22.742 [info] > git for-each-ref --sort -committerdate --format %(refname) %(objectname) %(*objectname) [5ms]
2023-02-12 19:08:22.770 [warning] ENOENT: no such file or directory, open '/home/gopath/src/client-go-exercise/--git-common-dir/config'
2023-02-12 19:08:22.779 [info] > git config --get commit.template [1ms]
2023-02-12 19:08:22.780 [info] > git remote --verbose [10ms]
2023-02-12 19:08:22.793 [info] > git for-each-ref --format=%(refname)%00%(upstream:short)%00%(objectname) refs/heads/main refs/remotes/main [1ms]
2023-02-12 19:08:22.803 [info] > git rev-list --left-right --count main...origin/main [2ms]
2023-02-12 19:08:22.823 [info] > git status -z -uall [13ms]
2023-02-12 19:08:22.824 [info] > git for-each-ref --sort -committerdate --format %(refname) %(objectname) %(*objectname) [2ms]
2023-02-12 19:08:23.182 [info] > git check-ignore -v -z --stdin [1ms]
2023-02-12 19:08:24.859 [warning] ENOENT: no such file or directory, open '/home/gopath/src/client-go-exercise/--git-common-dir/config'
2023-02-12 19:08:24.870 [info] > git remote --verbose [11ms]
2023-02-12 19:08:24.871 [info] > git config --get commit.template [3ms]
2023-02-12 19:08:24.880 [info] > git for-each-ref --format=%(refname)%00%(upstream:short)%00%(objectname) refs/heads/main refs/remotes/main [0ms]
2023-02-12 19:08:24.888 [info] > git rev-list --left-right --count main...origin/main [0ms]
2023-02-12 19:08:24.902 [info] > git status -z -uall [7ms]
2023-02-12 19:08:24.906 [info] > git for-each-ref --sort -committerdate --format %(refname) %(objectname) %(*objectname) [5ms]
2023-02-12 19:08:26.285 [info] > git show --textconv :restclientdemo/main.go [81ms]
2023-02-12 19:08:26.286 [info] > git ls-files --stage -- /home/gopath/src/client-go-exercise/restclientdemo/main.go [3ms]
2023-02-12 19:08:26.313 [info] > git cat-file -s f18f2b885aa1229333f96acdedc6c56144e0eefe [3ms]
2023-02-12 19:08:29.918 [warning] ENOENT: no such file or directory, open '/home/gopath/src/client-go-exercise/--git-common-dir/config'
2023-02-12 19:08:29.925 [info] > git remote --verbose [7ms]
2023-02-12 19:08:29.925 [info] > git config --get commit.template [1ms]
2023-02-12 19:08:29.932 [info] > git for-each-ref --format=%(refname)%00%(upstream:short)%00%(objectname) refs/heads/main refs/remotes/main [1ms]
2023-02-12 19:08:29.939 [info] > git rev-list --left-right --count main...origin/main [0ms]
2023-02-12 19:08:29.951 [info] > git status -z -uall [6ms]
2023-02-12 19:08:29.953 [info] > git for-each-ref --sort -committerdate --format %(refname) %(objectname) %(*objectname) [2ms]
2023-02-12 19:08:34.967 [warning] ENOENT: no such file or directory, open '/home/gopath/src/client-go-exercise/--git-common-dir/config'
2023-02-12 19:08:34.979 [info] > git remote --verbose [12ms]
2023-02-12 19:08:34.980 [info] > git config --get commit.template [3ms]
2023-02-12 19:08:34.993 [info] > git for-each-ref --format=%(refname)%00%(upstream:short)%00%(objectname) refs/heads/main refs/remotes/main [3ms]
2023-02-12 19:08:35.012 [info] > git rev-list --left-right --count main...origin/main [2ms]
2023-02-12 19:08:35.029 [info] > git status -z -uall [7ms]
2023-02-12 19:08:35.031 [info] > git for-each-ref --sort -committerdate --format %(refname) %(objectname) %(*objectname) [3ms]
2023-02-12 19:08:40.046 [warning] ENOENT: no such file or directory, open '/home/gopath/src/client-go-exercise/--git-common-dir/config'
2023-02-12 19:08:40.054 [info] > git remote --verbose [8ms]
2023-02-12 19:08:40.055 [info] > git config --get commit.template [2ms]
2023-02-12 19:08:40.064 [info] > git for-each-ref --format=%(refname)%00%(upstream:short)%00%(objectname) refs/heads/main refs/remotes/main [2ms]
2023-02-12 19:08:40.072 [info] > git rev-list --left-right --count main...origin/main [1ms]
2023-02-12 19:08:40.088 [info] > git status -z -uall [8ms]
2023-02-12 19:08:40.090 [info] > git for-each-ref --sort -committerdate --format %(refname) %(objectname) %(*objectname) [3ms]
2023-02-12 19:08:45.103 [warning] ENOENT: no such file or directory, open '/home/gopath/src/client-go-exercise/--git-common-dir/config'
2023-02-12 19:08:45.109 [info] > git remote --verbose [6ms]
2023-02-12 19:08:45.110 [info] > git config --get commit.template [2ms]
2023-02-12 19:08:45.117 [info] > git for-each-ref --format=%(refname)%00%(upstream:short)%00%(objectname) refs/heads/main refs/remotes/main [2ms]
2023-02-12 19:08:45.127 [info] > git rev-list --left-right --count main...origin/main [1ms]
2023-02-12 19:08:45.139 [info] > git status -z -uall [7ms]
2023-02-12 19:08:45.141 [info] > git for-each-ref --sort -committerdate --format %(refname) %(objectname) %(*objectname) [3ms]
2023-02-12 19:08:50.153 [warning] ENOENT: no such file or directory, open '/home/gopath/src/client-go-exercise/--git-common-dir/config'
2023-02-12 19:08:50.159 [info] > git remote --verbose [6ms]
2023-02-12 19:08:50.160 [info] > git config --get commit.template [1ms]
2023-02-12 19:08:50.167 [info] > git for-each-ref --format=%(refname)%00%(upstream:short)%00%(objectname) refs/heads/main refs/remotes/main [2ms]
2023-02-12 19:08:50.175 [info] > git rev-list --left-right --count main...origin/main [2ms]
2023-02-12 19:08:50.189 [info] > git status -z -uall [7ms]
2023-02-12 19:08:50.189 [info] > git for-each-ref --sort -committerdate --format %(refname) %(objectname) %(*objectname) [1ms]
2023-02-12 19:08:55.203 [warning] ENOENT: no such file or directory, open '/home/gopath/src/client-go-exercise/--git-common-dir/config'
2023-02-12 19:08:55.210 [info] > git remote --verbose [7ms]
2023-02-12 19:08:55.210 [info] > git config --get commit.template [1ms]
2023-02-12 19:08:55.220 [info] > git for-each-ref --format=%(refname)%00%(upstream:short)%00%(objectname) refs/heads/main refs/remotes/main [1ms]
2023-02-12 19:08:55.226 [info] > git rev-list --left-right --count main...origin/main [1ms]
2023-02-12 19:08:55.240 [info] > git status -z -uall [8ms]
2023-02-12 19:08:55.240 [info] > git for-each-ref --sort -committerdate --format %(refname) %(objectname) %(*objectname) [1ms]
2023-02-12 19:09:00.599 [warning] ENOENT: no such file or directory, open '/home/gopath/src/client-go-exercise/--git-common-dir/config'
2023-02-12 19:09:00.608 [info] > git remote --verbose [9ms]
2023-02-12 19:09:00.609 [info] > git config --get commit.template [2ms]
2023-02-12 19:09:00.616 [info] > git for-each-ref --format=%(refname)%00%(upstream:short)%00%(objectname) refs/heads/main refs/remotes/main [0ms]
2023-02-12 19:09:00.623 [info] > git rev-list --left-right --count main...origin/main [0ms]
2023-02-12 19:09:00.638 [info] > git status -z -uall [9ms]
2023-02-12 19:09:00.641 [info] > git for-each-ref --sort -committerdate --format %(refname) %(objectname) %(*objectname) [4ms]
2023-02-12 19:13:31.373 [warning] ENOENT: no such file or directory, open '/home/gopath/src/client-go-exercise/--git-common-dir/config'
2023-02-12 19:13:31.431 [info] > git config --get commit.template [19ms]
2023-02-12 19:13:31.431 [info] > git remote --verbose [58ms]
2023-02-12 19:13:31.439 [info] > git for-each-ref --format=%(refname)%00%(upstream:short)%00%(objectname) refs/heads/main refs/remotes/main [10ms]
2023-02-12 19:13:31.452 [info] > git rev-list --left-right --count main...origin/main [3ms]
2023-02-12 19:13:31.466 [info] > git status -z -uall [6ms]
2023-02-12 19:13:31.469 [info] > git for-each-ref --sort -committerdate --format %(refname) %(objectname) %(*objectname) [3ms]
2023-02-12 19:16:47.554 [warning] ENOENT: no such file or directory, open '/home/gopath/src/client-go-exercise/--git-common-dir/config'
2023-02-12 19:16:47.589 [info] > git remote --verbose [51ms]
2023-02-12 19:16:47.589 [info] > git config --get commit.template [23ms]
2023-02-12 19:16:47.606 [info] > git for-each-ref --format=%(refname)%00%(upstream:short)%00%(objectname) refs/heads/main refs/remotes/main [17ms]
2023-02-12 19:16:47.615 [info] > git rev-list --left-right --count main...origin/main [1ms]
2023-02-12 19:16:47.629 [info] > git for-each-ref --sort -committerdate --format %(refname) %(objectname) %(*objectname) [1ms]
2023-02-12 19:16:47.635 [info] > git status -z -uall [14ms]
2023-02-12 19:16:52.647 [warning] ENOENT: no such file or directory, open '/home/gopath/src/client-go-exercise/--git-common-dir/config'
2023-02-12 19:16:52.654 [info] > git config --get commit.template [0ms]
2023-02-12 19:16:52.654 [info] > git remote --verbose [7ms]
2023-02-12 19:16:52.660 [info] > git for-each-ref --format=%(refname)%00%(upstream:short)%00%(objectname) refs/heads/main refs/remotes/main [1ms]
2023-02-12 19:16:52.667 [info] > git rev-list --left-right --count main...origin/main [0ms]
2023-02-12 19:16:52.680 [info] > git status -z -uall [7ms]
2023-02-12 19:16:52.680 [info] > git for-each-ref --sort -committerdate --format %(refname) %(objectname) %(*objectname) [1ms]
2023-02-12 19:17:19.421 [warning] ENOENT: no such file or directory, open '/home/gopath/src/client-go-exercise/--git-common-dir/config'
2023-02-12 19:17:19.428 [info] > git config --get commit.template [0ms]
2023-02-12 19:17:19.429 [info] > git remote --verbose [8ms]
2023-02-12 19:17:19.436 [info] > git for-each-ref --format=%(refname)%00%(upstream:short)%00%(objectname) refs/heads/main refs/remotes/main [1ms]
2023-02-12 19:17:19.446 [info] > git rev-list --left-right --count main...origin/main [3ms]
2023-02-12 19:17:19.460 [info] > git status -z -uall [7ms]
2023-02-12 19:17:19.462 [info] > git for-each-ref --sort -committerdate --format %(refname) %(objectname) %(*objectname) [3ms]
2023-02-12 19:18:03.007 [warning] ENOENT: no such file or directory, open '/home/gopath/src/client-go-exercise/--git-common-dir/config'
2023-02-12 19:18:03.013 [info] > git remote --verbose [6ms]
2023-02-12 19:18:03.014 [info] > git config --get commit.template [1ms]
2023-02-12 19:18:03.021 [info] > git for-each-ref --format=%(refname)%00%(upstream:short)%00%(objectname) refs/heads/main refs/remotes/main [0ms]
2023-02-12 19:18:03.028 [info] > git rev-list --left-right --count main...origin/main [1ms]
2023-02-12 19:18:03.042 [info] > git status -z -uall [8ms]
2023-02-12 19:18:03.042 [info] > git for-each-ref --sort -committerdate --format %(refname) %(objectname) %(*objectname) [1ms]
2023-02-12 19:18:19.441 [warning] ENOENT: no such file or directory, open '/home/gopath/src/client-go-exercise/--git-common-dir/config'
2023-02-12 19:18:19.448 [info] > git config --get commit.template [0ms]
2023-02-12 19:18:19.449 [info] > git remote --verbose [7ms]
2023-02-12 19:18:19.455 [info] > git for-each-ref --format=%(refname)%00%(upstream:short)%00%(objectname) refs/heads/main refs/remotes/main [0ms]
2023-02-12 19:18:19.462 [info] > git rev-list --left-right --count main...origin/main [1ms]
2023-02-12 19:18:19.476 [info] > git status -z -uall [7ms]
2023-02-12 19:18:19.476 [info] > git for-each-ref --sort -committerdate --format %(refname) %(objectname) %(*objectname) [1ms]
2023-02-12 19:18:34.193 [warning] ENOENT: no such file or directory, open '/home/gopath/src/client-go-exercise/--git-common-dir/config'
2023-02-12 19:18:34.200 [info] > git remote --verbose [7ms]
2023-02-12 19:18:34.201 [info] > git config --get commit.template [2ms]
2023-02-12 19:18:34.209 [info] > git for-each-ref --format=%(refname)%00%(upstream:short)%00%(objectname) refs/heads/main refs/remotes/main [1ms]
2023-02-12 19:18:34.215 [info] > git rev-list --left-right --count main...origin/main [1ms]
2023-02-12 19:18:34.227 [info] > git status -z -uall [6ms]
2023-02-12 19:18:34.230 [info] > git for-each-ref --sort -committerdate --format %(refname) %(objectname) %(*objectname) [3ms]
2023-02-12 19:18:41.278 [warning] ENOENT: no such file or directory, open '/home/gopath/src/client-go-exercise/--git-common-dir/config'
2023-02-12 19:18:41.285 [info] > git config --get commit.template [1ms]
2023-02-12 19:18:41.286 [info] > git remote --verbose [8ms]
2023-02-12 19:18:41.292 [info] > git for-each-ref --format=%(refname)%00%(upstream:short)%00%(objectname) refs/heads/main refs/remotes/main [1ms]
2023-02-12 19:18:41.299 [info] > git rev-list --left-right --count main...origin/main [0ms]
2023-02-12 19:18:41.316 [info] > git status -z -uall [10ms]
2023-02-12 19:18:41.318 [info] > git for-each-ref --sort -committerdate --format %(refname) %(objectname) %(*objectname) [5ms]
2023-02-12 19:18:52.917 [warning] ENOENT: no such file or directory, open '/home/gopath/src/client-go-exercise/--git-common-dir/config'
2023-02-12 19:18:52.925 [info] > git remote --verbose [7ms]
2023-02-12 19:18:52.925 [info] > git config --get commit.template [2ms]
2023-02-12 19:18:52.936 [info] > git for-each-ref --format=%(refname)%00%(upstream:short)%00%(objectname) refs/heads/main refs/remotes/main [1ms]
2023-02-12 19:18:52.944 [info] > git rev-list --left-right --count main...origin/main [3ms]
2023-02-12 19:18:52.970 [info] > git status -z -uall [13ms]
2023-02-12 19:18:52.970 [info] > git for-each-ref --sort -committerdate --format %(refname) %(objectname) %(*objectname) [2ms]
2023-02-12 19:19:02.179 [warning] ENOENT: no such file or directory, open '/home/gopath/src/client-go-exercise/--git-common-dir/config'
2023-02-12 19:19:02.197 [info] > git config --get commit.template [1ms]
2023-02-12 19:19:02.197 [info] > git remote --verbose [18ms]
2023-02-12 19:19:02.205 [info] > git for-each-ref --format=%(refname)%00%(upstream:short)%00%(objectname) refs/heads/main refs/remotes/main [1ms]
2023-02-12 19:19:06.036 [info] Log level: Info
2023-02-12 19:19:06.036 [info] Validating found git in: "git"
2023-02-12 19:19:06.036 [info] Using git "1.8.3.1" from "git"
2023-02-12 19:19:06.036 [info] > git rev-parse --show-toplevel [96ms]
2023-02-12 19:19:06.036 [info] > git rev-parse --git-dir --git-common-dir [5ms]
2023-02-12 19:19:06.036 [info] Open repository: /home/gopath/src/client-go-exercise
2023-02-12 19:19:06.036 [warning] ENOENT: no such file or directory, open '/home/gopath/src/client-go-exercise/--git-common-dir/config'
2023-02-12 19:19:06.036 [info] > git rev-parse --show-toplevel [158ms]
2023-02-12 19:19:06.036 [info] > git config --get commit.template [23ms]
2023-02-12 19:19:06.036 [info] > git remote --verbose [39ms]
2023-02-12 19:19:06.118 [info] > git rev-parse --show-toplevel [175ms]
2023-02-12 19:19:06.145 [info] > git for-each-ref --format=%(refname)%00%(upstream:short)%00%(objectname) refs/heads/main refs/remotes/main [19ms]
2023-02-12 19:19:06.173 [info] > git rev-list --left-right --count main...origin/main [17ms]
2023-02-12 19:19:06.220 [info] > git status -z -uall [37ms]
2023-02-12 19:19:06.220 [info] > git for-each-ref --sort -committerdate --format %(refname) %(objectname) %(*objectname) [1ms]
2023-02-12 19:19:06.274 [warning] ENOENT: no such file or directory, open '/home/gopath/src/client-go-exercise/--git-common-dir/config'
2023-02-12 19:19:06.313 [info] > git config --get commit.template [33ms]
2023-02-12 19:19:06.314 [info] > git remote --verbose [40ms]
2023-02-12 19:19:06.424 [info] > git for-each-ref --format=%(refname)%00%(upstream:short)%00%(objectname) refs/heads/main refs/remotes/main [79ms]
2023-02-12 19:19:06.503 [info] > git rev-list --left-right --count main...origin/main [57ms]
2023-02-12 19:19:06.575 [info] > git status -z -uall [61ms]
2023-02-12 19:19:06.576 [info] > git for-each-ref --sort -committerdate --format %(refname) %(objectname) %(*objectname) [42ms]
2023-02-12 19:19:06.596 [info] > git check-ignore -v -z --stdin [36ms]
2023-02-12 19:19:07.199 [info] > git show --textconv :clientsetdemo/main.go [34ms]
2023-02-12 19:19:07.208 [info] > git ls-files --stage -- /home/gopath/src/client-go-exercise/clientsetdemo/main.go [11ms]
2023-02-12 19:19:10.069 [warning] ENOENT: no such file or directory, open '/home/gopath/src/client-go-exercise/--git-common-dir/config'
2023-02-12 19:19:10.080 [info] > git config --get commit.template [1ms]
2023-02-12 19:19:10.081 [info] > git remote --verbose [12ms]
2023-02-12 19:19:10.090 [info] > git for-each-ref --format=%(refname)%00%(upstream:short)%00%(objectname) refs/heads/main refs/remotes/main [1ms]
2023-02-12 19:19:10.109 [info] > git rev-list --left-right --count main...origin/main [0ms]
2023-02-12 19:19:10.163 [info] > git status -z -uall [29ms]
2023-02-12 19:19:10.164 [info] > git for-each-ref --sort -committerdate --format %(refname) %(objectname) %(*objectname) [1ms]
2023-02-12 19:19:15.194 [warning] ENOENT: no such file or directory, open '/home/gopath/src/client-go-exercise/--git-common-dir/config'
2023-02-12 19:19:15.216 [info] > git config --get commit.template [3ms]
2023-02-12 19:19:15.217 [info] > git remote --verbose [23ms]
2023-02-12 19:19:15.241 [info] > git for-each-ref --format=%(refname)%00%(upstream:short)%00%(objectname) refs/heads/main refs/remotes/main [2ms]
2023-02-12 19:19:15.250 [info] > git rev-list --left-right --count main...origin/main [2ms]
2023-02-12 19:19:15.263 [info] > git status -z -uall [7ms]
2023-02-12 19:19:15.265 [info] > git for-each-ref --sort -committerdate --format %(refname) %(objectname) %(*objectname) [3ms]
2023-02-12 19:19:20.276 [warning] ENOENT: no such file or directory, open '/home/gopath/src/client-go-exercise/--git-common-dir/config'
2023-02-12 19:19:20.284 [info] > git config --get commit.template [1ms]
2023-02-12 19:19:20.285 [info] > git remote --verbose [8ms]
2023-02-12 19:19:20.293 [info] > git for-each-ref --format=%(refname)%00%(upstream:short)%00%(objectname) refs/heads/main refs/remotes/main [0ms]
2023-02-12 19:19:20.300 [info] > git rev-list --left-right --count main...origin/main [0ms]
2023-02-12 19:19:20.314 [info] > git status -z -uall [7ms]
2023-02-12 19:19:20.316 [info] > git for-each-ref --sort -committerdate --format %(refname) %(objectname) %(*objectname) [3ms]
2023-02-12 19:19:25.343 [warning] ENOENT: no such file or directory, open '/home/gopath/src/client-go-exercise/--git-common-dir/config'
2023-02-12 19:19:25.377 [info] > git config --get commit.template [1ms]
2023-02-12 19:19:25.377 [info] > git remote --verbose [34ms]
2023-02-12 19:19:25.423 [info] > git for-each-ref --format=%(refname)%00%(upstream:short)%00%(objectname) refs/heads/main refs/remotes/main [2ms]
2023-02-12 19:19:25.436 [info] > git rev-list --left-right --count main...origin/main [1ms]
2023-02-12 19:19:25.461 [info] > git status -z -uall [13ms]
2023-02-12 19:19:25.463 [info] > git for-each-ref --sort -committerdate --format %(refname) %(objectname) %(*objectname) [4ms]
2023-02-12 19:19:32.935 [warning] ENOENT: no such file or directory, open '/home/gopath/src/client-go-exercise/--git-common-dir/config'
2023-02-12 19:19:32.943 [info] > git config --get commit.template [0ms]
2023-02-12 19:19:32.943 [info] > git remote --verbose [9ms]
2023-02-12 19:19:32.950 [info] > git for-each-ref --format=%(refname)%00%(upstream:short)%00%(objectname) refs/heads/main refs/remotes/main [1ms]
2023-02-12 19:19:32.958 [info] > git rev-list --left-right --count main...origin/main [1ms]
2023-02-12 19:19:32.970 [info] > git status -z -uall [5ms]
2023-02-12 19:19:32.974 [info] > git for-each-ref --sort -committerdate --format %(refname) %(objectname) %(*objectname) [4ms]
2023-02-12 19:19:40.901 [warning] ENOENT: no such file or directory, open '/home/gopath/src/client-go-exercise/--git-common-dir/config'
2023-02-12 19:19:40.907 [info] > git remote --verbose [6ms]
2023-02-12 19:19:40.908 [info] > git config --get commit.template [2ms]
2023-02-12 19:19:40.914 [info] > git for-each-ref --format=%(refname)%00%(upstream:short)%00%(objectname) refs/heads/main refs/remotes/main [0ms]
2023-02-12 19:19:40.921 [info] > git rev-list --left-right --count main...origin/main [0ms]
2023-02-12 19:19:40.937 [info] > git status -z -uall [10ms]
2023-02-12 19:19:40.938 [info] > git for-each-ref --sort -committerdate --format %(refname) %(objectname) %(*objectname) [2ms]
2023-02-12 19:19:45.952 [warning] ENOENT: no such file or directory, open '/home/gopath/src/client-go-exercise/--git-common-dir/config'
2023-02-12 19:19:45.960 [info] > git remote --verbose [8ms]
2023-02-12 19:19:45.961 [info] > git config --get commit.template [2ms]
2023-02-12 19:19:45.971 [info] > git for-each-ref --format=%(refname)%00%(upstream:short)%00%(objectname) refs/heads/main refs/remotes/main [0ms]
2023-02-12 19:19:45.978 [info] > git rev-list --left-right --count main...origin/main [2ms]
2023-02-12 19:19:45.990 [info] > git status -z -uall [6ms]
2023-02-12 19:19:45.992 [info] > git for-each-ref --sort -committerdate --format %(refname) %(objectname) %(*objectname) [3ms]
2023-02-12 19:19:51.007 [warning] ENOENT: no such file or directory, open '/home/gopath/src/client-go-exercise/--git-common-dir/config'
2023-02-12 19:19:51.013 [info] > git remote --verbose [7ms]
2023-02-12 19:19:51.014 [info] > git config --get commit.template [1ms]
2023-02-12 19:19:51.021 [info] > git for-each-ref --format=%(refname)%00%(upstream:short)%00%(objectname) refs/heads/main refs/remotes/main [0ms]
2023-02-12 19:19:51.028 [info] > git rev-list --left-right --count main...origin/main [2ms]
2023-02-12 19:19:51.045 [info] > git status -z -uall [11ms]
2023-02-12 19:19:51.046 [info] > git for-each-ref --sort -committerdate --format %(refname) %(objectname) %(*objectname) [2ms]
2023-02-12 19:20:04.322 [warning] ENOENT: no such file or directory, open '/home/gopath/src/client-go-exercise/--git-common-dir/config'
2023-02-12 19:20:04.328 [info] > git remote --verbose [6ms]
2023-02-12 19:20:04.328 [info] > git config --get commit.template [1ms]
2023-02-12 19:20:04.335 [info] > git for-each-ref --format=%(refname)%00%(upstream:short)%00%(objectname) refs/heads/main refs/remotes/main [1ms]
2023-02-12 19:20:04.341 [info] > git rev-list --left-right --count main...origin/main [1ms]
2023-02-12 19:20:04.353 [info] > git status -z -uall [7ms]
2023-02-12 19:20:04.354 [info] > git for-each-ref --sort -committerdate --format %(refname) %(objectname) %(*objectname) [1ms]
2023-02-12 19:20:21.782 [warning] ENOENT: no such file or directory, open '/home/gopath/src/client-go-exercise/--git-common-dir/config'
2023-02-12 19:20:21.789 [info] > git config --get commit.template [1ms]
2023-02-12 19:20:21.789 [info] > git remote --verbose [7ms]
2023-02-12 19:20:21.796 [info] > git for-each-ref --format=%(refname)%00%(upstream:short)%00%(objectname) refs/heads/main refs/remotes/main [1ms]
2023-02-12 19:20:21.802 [info] > git rev-list --left-right --count main...origin/main [1ms]
2023-02-12 19:20:21.813 [info] > git status -z -uall [5ms]
2023-02-12 19:20:21.815 [info] > git for-each-ref --sort -committerdate --format %(refname) %(objectname) %(*objectname) [2ms]
2023-02-12 19:20:36.077 [warning] ENOENT: no such file or directory, open '/home/gopath/src/client-go-exercise/--git-common-dir/config'
2023-02-12 19:20:36.086 [info] > git config --get commit.template [2ms]
2023-02-12 19:20:36.086 [info] > git remote --verbose [9ms]
2023-02-12 19:20:36.094 [info] > git for-each-ref --format=%(refname)%00%(upstream:short)%00%(objectname) refs/heads/main refs/remotes/main [0ms]
2023-02-12 19:20:36.100 [info] > git rev-list --left-right --count main...origin/main [1ms]
2023-02-12 19:20:36.115 [info] > git status -z -uall [7ms]
2023-02-12 19:20:36.116 [info] > git for-each-ref --sort -committerdate --format %(refname) %(objectname) %(*objectname) [2ms]
2023-02-12 19:20:41.179 [warning] ENOENT: no such file or directory, open '/home/gopath/src/client-go-exercise/--git-common-dir/config'
2023-02-12 19:20:41.204 [info] > git config --get commit.template [1ms]
2023-02-12 19:20:41.204 [info] > git remote --verbose [26ms]
2023-02-12 19:20:41.215 [info] > git for-each-ref --format=%(refname)%00%(upstream:short)%00%(objectname) refs/heads/main refs/remotes/main [1ms]
2023-02-12 19:20:41.257 [info] > git rev-list --left-right --count main...origin/main [3ms]
2023-02-12 19:20:41.306 [info] > git status -z -uall [23ms]
2023-02-12 19:20:41.315 [info] > git for-each-ref --sort -committerdate --format %(refname) %(objectname) %(*objectname) [10ms]
2023-02-12 19:20:46.327 [warning] ENOENT: no such file or directory, open '/home/gopath/src/client-go-exercise/--git-common-dir/config'
2023-02-12 19:20:46.333 [info] > git config --get commit.template [1ms]
2023-02-12 19:20:46.334 [info] > git remote --verbose [7ms]
2023-02-12 19:20:46.340 [info] > git for-each-ref --format=%(refname)%00%(upstream:short)%00%(objectname) refs/heads/main refs/remotes/main [0ms]
2023-02-12 19:20:46.347 [info] > git rev-list --left-right --count main...origin/main [1ms]
2023-02-12 19:20:46.359 [info] > git status -z -uall [6ms]
2023-02-12 19:20:46.361 [info] > git for-each-ref --sort -committerdate --format %(refname) %(objectname) %(*objectname) [3ms]
2023-02-12 19:21:06.129 [warning] ENOENT: no such file or directory, open '/home/gopath/src/client-go-exercise/--git-common-dir/config'
2023-02-12 19:21:06.136 [info] > git config --get commit.template [0ms]
2023-02-12 19:21:06.136 [info] > git remote --verbose [7ms]
2023-02-12 19:21:06.143 [info] > git for-each-ref --format=%(refname)%00%(upstream:short)%00%(objectname) refs/heads/main refs/remotes/main [0ms]
2023-02-12 19:21:06.150 [info] > git rev-list --left-right --count main...origin/main [0ms]
2023-02-12 19:21:06.161 [info] > git status -z -uall [6ms]
2023-02-12 19:21:06.164 [info] > git for-each-ref --sort -committerdate --format %(refname) %(objectname) %(*objectname) [4ms]
2023-02-12 19:21:35.090 [warning] ENOENT: no such file or directory, open '/home/gopath/src/client-go-exercise/--git-common-dir/config'
2023-02-12 19:21:35.097 [info] > git remote --verbose [6ms]
2023-02-12 19:21:35.097 [info] > git config --get commit.template [1ms]
2023-02-12 19:21:35.103 [info] > git for-each-ref --format=%(refname)%00%(upstream:short)%00%(objectname) refs/heads/main refs/remotes/main [1ms]
2023-02-12 19:21:35.110 [info] > git rev-list --left-right --count main...origin/main [1ms]
2023-02-12 19:21:35.121 [info] > git status -z -uall [5ms]
2023-02-12 19:21:35.124 [info] > git for-each-ref --sort -committerdate --format %(refname) %(objectname) %(*objectname) [4ms]
2023-02-12 19:21:45.777 [warning] ENOENT: no such file or directory, open '/home/gopath/src/client-go-exercise/--git-common-dir/config'
2023-02-12 19:21:45.784 [info] > git remote --verbose [7ms]
2023-02-12 19:21:45.785 [info] > git config --get commit.template [2ms]
2023-02-12 19:21:45.791 [info] > git for-each-ref --format=%(refname)%00%(upstream:short)%00%(objectname) refs/heads/main refs/remotes/main [0ms]
2023-02-12 19:21:45.798 [info] > git rev-list --left-right --count main...origin/main [1ms]
2023-02-12 19:21:45.813 [info] > git status -z -uall [8ms]
2023-02-12 19:21:45.813 [info] > git for-each-ref --sort -committerdate --format %(refname) %(objectname) %(*objectname) [1ms]
2023-02-12 19:21:50.825 [warning] ENOENT: no such file or directory, open '/home/gopath/src/client-go-exercise/--git-common-dir/config'
2023-02-12 19:21:50.833 [info] > git config --get commit.template [1ms]
2023-02-12 19:21:50.833 [info] > git remote --verbose [8ms]
2023-02-12 19:21:50.842 [info] > git for-each-ref --format=%(refname)%00%(upstream:short)%00%(objectname) refs/heads/main refs/remotes/main [1ms]
2023-02-12 19:21:50.853 [info] > git rev-list --left-right --count main...origin/main [2ms]
2023-02-12 19:21:50.868 [info] > git status -z -uall [7ms]
2023-02-12 19:21:50.869 [info] > git for-each-ref --sort -committerdate --format %(refname) %(objectname) %(*objectname) [2ms]
2023-02-12 19:21:55.881 [warning] ENOENT: no such file or directory, open '/home/gopath/src/client-go-exercise/--git-common-dir/config'
2023-02-12 19:21:55.889 [info] > git config --get commit.template [1ms]
2023-02-12 19:21:55.890 [info] > git remote --verbose [9ms]
2023-02-12 19:21:55.896 [info] > git for-each-ref --format=%(refname)%00%(upstream:short)%00%(objectname) refs/heads/main refs/remotes/main [1ms]
2023-02-12 19:21:55.903 [info] > git rev-list --left-right --count main...origin/main [2ms]
2023-02-12 19:21:55.916 [info] > git status -z -uall [7ms]
2023-02-12 19:21:55.917 [info] > git for-each-ref --sort -committerdate --format %(refname) %(objectname) %(*objectname) [0ms]
2023-02-12 19:22:04.327 [warning] ENOENT: no such file or directory, open '/home/gopath/src/client-go-exercise/--git-common-dir/config'
2023-02-12 19:22:04.333 [info] > git remote --verbose [6ms]
2023-02-12 19:22:04.334 [info] > git config --get commit.template [1ms]
2023-02-12 19:22:04.340 [info] > git for-each-ref --format=%(refname)%00%(upstream:short)%00%(objectname) refs/heads/main refs/remotes/main [1ms]
2023-02-12 19:22:04.346 [info] > git rev-list --left-right --count main...origin/main [1ms]
2023-02-12 19:22:04.359 [info] > git status -z -uall [5ms]
2023-02-12 19:22:04.361 [info] > git for-each-ref --sort -committerdate --format %(refname) %(objectname) %(*objectname) [2ms]
2023-02-12 19:22:18.364 [warning] ENOENT: no such file or directory, open '/home/gopath/src/client-go-exercise/--git-common-dir/config'
2023-02-12 19:22:18.371 [info] > git config --get commit.template [1ms]
2023-02-12 19:22:18.371 [info] > git remote --verbose [7ms]
2023-02-12 19:22:18.378 [info] > git for-each-ref --format=%(refname)%00%(upstream:short)%00%(objectname) refs/heads/main refs/remotes/main [1ms]
2023-02-12 19:22:18.385 [info] > git rev-list --left-right --count main...origin/main [1ms]
2023-02-12 19:22:18.398 [info] > git status -z -uall [7ms]
2023-02-12 19:22:18.398 [info] > git for-each-ref --sort -committerdate --format %(refname) %(objectname) %(*objectname) [1ms]
2023-02-12 19:22:34.132 [warning] ENOENT: no such file or directory, open '/home/gopath/src/client-go-exercise/--git-common-dir/config'
2023-02-12 19:22:34.138 [info] > git config --get commit.template [1ms]
2023-02-12 19:22:34.138 [info] > git remote --verbose [7ms]
2023-02-12 19:22:34.146 [info] > git for-each-ref --format=%(refname)%00%(upstream:short)%00%(objectname) refs/heads/main refs/remotes/main [0ms]
2023-02-12 19:22:34.152 [info] > git rev-list --left-right --count main...origin/main [1ms]
2023-02-12 19:22:34.166 [info] > git status -z -uall [8ms]
2023-02-12 19:22:34.167 [info] > git for-each-ref --sort -committerdate --format %(refname) %(objectname) %(*objectname) [2ms]
2023-02-12 19:23:02.081 [warning] ENOENT: no such file or directory, open '/home/gopath/src/client-go-exercise/--git-common-dir/config'
2023-02-12 19:23:02.088 [info] > git config --get commit.template [1ms]
2023-02-12 19:23:02.088 [info] > git remote --verbose [7ms]
2023-02-12 19:23:02.095 [info] > git for-each-ref --format=%(refname)%00%(upstream:short)%00%(objectname) refs/heads/main refs/remotes/main [1ms]
2023-02-12 19:23:02.101 [info] > git rev-list --left-right --count main...origin/main [0ms]
2023-02-12 19:23:02.113 [info] > git status -z -uall [7ms]
2023-02-12 19:23:02.114 [info] > git for-each-ref --sort -committerdate --format %(refname) %(objectname) %(*objectname) [2ms]
2023-02-12 19:23:07.128 [warning] ENOENT: no such file or directory, open '/home/gopath/src/client-go-exercise/--git-common-dir/config'
2023-02-12 19:23:07.135 [info] > git config --get commit.template [1ms]
2023-02-12 19:23:07.135 [info] > git remote --verbose [7ms]
2023-02-12 19:23:07.142 [info] > git for-each-ref --format=%(refname)%00%(upstream:short)%00%(objectname) refs/heads/main refs/remotes/main [1ms]
2023-02-12 19:23:07.149 [info] > git rev-list --left-right --count main...origin/main [1ms]
2023-02-12 19:23:07.162 [info] > git status -z -uall [7ms]
2023-02-12 19:23:07.162 [info] > git for-each-ref --sort -committerdate --format %(refname) %(objectname) %(*objectname) [1ms]
2023-02-12 19:23:53.335 [warning] ENOENT: no such file or directory, open '/home/gopath/src/client-go-exercise/--git-common-dir/config'
2023-02-12 19:23:53.342 [info] > git config --get commit.template [0ms]
2023-02-12 19:23:53.342 [info] > git remote --verbose [7ms]
2023-02-12 19:23:53.350 [info] > git for-each-ref --format=%(refname)%00%(upstream:short)%00%(objectname) refs/heads/main refs/remotes/main [0ms]
2023-02-12 19:23:53.356 [info] > git rev-list --left-right --count main...origin/main [1ms]
2023-02-12 19:23:53.372 [info] > git status -z -uall [5ms]
2023-02-12 19:23:53.374 [info] > git for-each-ref --sort -committerdate --format %(refname) %(objectname) %(*objectname) [2ms]
2023-02-12 19:24:04.355 [warning] ENOENT: no such file or directory, open '/home/gopath/src/client-go-exercise/--git-common-dir/config'
2023-02-12 19:24:04.398 [info] > git remote --verbose [43ms]
2023-02-12 19:24:04.399 [info] > git config --get commit.template [2ms]
2023-02-12 19:24:04.410 [info] > git for-each-ref --format=%(refname)%00%(upstream:short)%00%(objectname) refs/heads/main refs/remotes/main [1ms]
2023-02-12 19:24:04.424 [info] > git rev-list --left-right --count main...origin/main [5ms]
2023-02-12 19:24:04.466 [info] > git status -z -uall [15ms]
2023-02-12 19:24:04.493 [info] > git for-each-ref --sort -committerdate --format %(refname) %(objectname) %(*objectname) [28ms]
2023-02-12 19:24:09.506 [warning] ENOENT: no such file or directory, open '/home/gopath/src/client-go-exercise/--git-common-dir/config'
2023-02-12 19:24:09.512 [info] > git config --get commit.template [1ms]
2023-02-12 19:24:09.513 [info] > git remote --verbose [8ms]
2023-02-12 19:24:09.519 [info] > git for-each-ref --format=%(refname)%00%(upstream:short)%00%(objectname) refs/heads/main refs/remotes/main [2ms]
2023-02-12 19:24:09.525 [info] > git rev-list --left-right --count main...origin/main [1ms]
2023-02-12 19:24:09.537 [info] > git status -z -uall [6ms]
2023-02-12 19:24:09.540 [info] > git for-each-ref --sort -committerdate --format %(refname) %(objectname) %(*objectname) [3ms]
2023-02-12 19:24:16.360 [warning] ENOENT: no such file or directory, open '/home/gopath/src/client-go-exercise/--git-common-dir/config'
2023-02-12 19:24:16.368 [info] > git config --get commit.template [1ms]
2023-02-12 19:24:16.368 [info] > git remote --verbose [8ms]
2023-02-12 19:24:16.375 [info] > git for-each-ref --format=%(refname)%00%(upstream:short)%00%(objectname) refs/heads/main refs/remotes/main [1ms]
2023-02-12 19:24:16.381 [info] > git rev-list --left-right --count main...origin/main [1ms]
2023-02-12 19:24:16.392 [info] > git status -z -uall [5ms]
2023-02-12 19:24:16.395 [info] > git for-each-ref --sort -committerdate --format %(refname) %(objectname) %(*objectname) [3ms]
2023-02-12 19:24:29.624 [warning] ENOENT: no such file or directory, open '/home/gopath/src/client-go-exercise/--git-common-dir/config'
2023-02-12 19:24:29.632 [info] > git config --get commit.template [0ms]
2023-02-12 19:24:29.632 [info] > git remote --verbose [8ms]
2023-02-12 19:24:29.639 [info] > git for-each-ref --format=%(refname)%00%(upstream:short)%00%(objectname) refs/heads/main refs/remotes/main [1ms]
2023-02-12 19:24:29.650 [info] > git rev-list --left-right --count main...origin/main [1ms]
2023-02-12 19:24:29.665 [info] > git status -z -uall [9ms]
2023-02-12 19:24:29.665 [info] > git for-each-ref --sort -committerdate --format %(refname) %(objectname) %(*objectname) [1ms]
2023-02-12 19:24:35.363 [warning] ENOENT: no such file or directory, open '/home/gopath/src/client-go-exercise/--git-common-dir/config'
2023-02-12 19:24:35.369 [info] > git config --get commit.template [1ms]
2023-02-12 19:24:35.369 [info] > git remote --verbose [7ms]
2023-02-12 19:24:35.377 [info] > git for-each-ref --format=%(refname)%00%(upstream:short)%00%(objectname) refs/heads/main refs/remotes/main [1ms]
2023-02-12 19:24:35.383 [info] > git rev-list --left-right --count main...origin/main [1ms]
2023-02-12 19:24:35.394 [info] > git status -z -uall [5ms]
2023-02-12 19:24:35.396 [info] > git for-each-ref --sort -committerdate --format %(refname) %(objectname) %(*objectname) [2ms]
2023-02-12 19:24:47.738 [warning] ENOENT: no such file or directory, open '/home/gopath/src/client-go-exercise/--git-common-dir/config'
2023-02-12 19:24:47.743 [info] > git remote --verbose [5ms]
2023-02-12 19:24:47.744 [info] > git config --get commit.template [1ms]
2023-02-12 19:24:47.752 [info] > git for-each-ref --format=%(refname)%00%(upstream:short)%00%(objectname) refs/heads/main refs/remotes/main [0ms]
2023-02-12 19:24:47.759 [info] > git rev-list --left-right --count main...origin/main [0ms]
2023-02-12 19:24:47.770 [info] > git status -z -uall [5ms]
2023-02-12 19:24:47.773 [info] > git for-each-ref --sort -committerdate --format %(refname) %(objectname) %(*objectname) [4ms]
2023-02-12 19:24:52.784 [warning] ENOENT: no such file or directory, open '/home/gopath/src/client-go-exercise/--git-common-dir/config'
2023-02-12 19:24:52.791 [info] > git config --get commit.template [0ms]
2023-02-12 19:24:52.791 [info] > git remote --verbose [7ms]
2023-02-12 19:24:52.798 [info] > git for-each-ref --format=%(refname)%00%(upstream:short)%00%(objectname) refs/heads/main refs/remotes/main [1ms]
2023-02-12 19:24:52.805 [info] > git rev-list --left-right --count main...origin/main [1ms]
2023-02-12 19:24:52.816 [info] > git status -z -uall [5ms]
2023-02-12 19:24:52.818 [info] > git for-each-ref --sort -committerdate --format %(refname) %(objectname) %(*objectname) [2ms]
2023-02-12 19:25:03.245 [warning] ENOENT: no such file or directory, open '/home/gopath/src/client-go-exercise/--git-common-dir/config'
2023-02-12 19:25:03.252 [info] > git config --get commit.template [1ms]
2023-02-12 19:25:03.252 [info] > git remote --verbose [7ms]
2023-02-12 19:25:03.260 [info] > git for-each-ref --format=%(refname)%00%(upstream:short)%00%(objectname) refs/heads/main refs/remotes/main [2ms]
2023-02-12 19:25:03.267 [info] > git rev-list --left-right --count main...origin/main [0ms]
2023-02-12 19:25:03.279 [info] > git status -z -uall [5ms]
2023-02-12 19:25:03.280 [info] > git for-each-ref --sort -committerdate --format %(refname) %(objectname) %(*objectname) [2ms]
2023-02-12 19:25:08.294 [warning] ENOENT: no such file or directory, open '/home/gopath/src/client-go-exercise/--git-common-dir/config'
2023-02-12 19:25:08.300 [info] > git remote --verbose [5ms]
2023-02-12 19:25:08.300 [info] > git config --get commit.template [1ms]
2023-02-12 19:25:08.308 [info] > git for-each-ref --format=%(refname)%00%(upstream:short)%00%(objectname) refs/heads/main refs/remotes/main [1ms]
2023-02-12 19:25:08.314 [info] > git rev-list --left-right --count main...origin/main [0ms]
2023-02-12 19:25:08.325 [info] > git status -z -uall [6ms]
2023-02-12 19:25:08.327 [info] > git for-each-ref --sort -committerdate --format %(refname) %(objectname) %(*objectname) [3ms]
2023-02-12 19:25:13.337 [warning] ENOENT: no such file or directory, open '/home/gopath/src/client-go-exercise/--git-common-dir/config'
2023-02-12 19:25:13.344 [info] > git remote --verbose [7ms]
2023-02-12 19:25:13.345 [info] > git config --get commit.template [1ms]
2023-02-12 19:25:13.351 [info] > git for-each-ref --format=%(refname)%00%(upstream:short)%00%(objectname) refs/heads/main refs/remotes/main [1ms]
2023-02-12 19:25:13.359 [info] > git rev-list --left-right --count main...origin/main [2ms]
2023-02-12 19:25:13.370 [info] > git status -z -uall [6ms]
2023-02-12 19:25:13.371 [info] > git for-each-ref --sort -committerdate --format %(refname) %(objectname) %(*objectname) [2ms]
2023-02-12 19:25:18.384 [warning] ENOENT: no such file or directory, open '/home/gopath/src/client-go-exercise/--git-common-dir/config'
2023-02-12 19:25:18.390 [info] > git config --get commit.template [0ms]
2023-02-12 19:25:18.391 [info] > git remote --verbose [7ms]
2023-02-12 19:25:18.397 [info] > git for-each-ref --format=%(refname)%00%(upstream:short)%00%(objectname) refs/heads/main refs/remotes/main [1ms]
2023-02-12 19:25:18.404 [info] > git rev-list --left-right --count main...origin/main [1ms]
2023-02-12 19:25:18.416 [info] > git status -z -uall [6ms]
2023-02-12 19:25:18.418 [info] > git for-each-ref --sort -committerdate --format %(refname) %(objectname) %(*objectname) [1ms]
2023-02-12 19:25:35.764 [warning] ENOENT: no such file or directory, open '/home/gopath/src/client-go-exercise/--git-common-dir/config'
2023-02-12 19:25:35.770 [info] > git remote --verbose [6ms]
2023-02-12 19:25:35.771 [info] > git config --get commit.template [2ms]
2023-02-12 19:25:35.777 [info] > git for-each-ref --format=%(refname)%00%(upstream:short)%00%(objectname) refs/heads/main refs/remotes/main [0ms]
2023-02-12 19:25:35.784 [info] > git rev-list --left-right --count main...origin/main [1ms]
2023-02-12 19:25:35.796 [info] > git status -z -uall [6ms]
2023-02-12 19:25:35.800 [info] > git for-each-ref --sort -committerdate --format %(refname) %(objectname) %(*objectname) [4ms]
2023-02-12 19:25:40.813 [warning] ENOENT: no such file or directory, open '/home/gopath/src/client-go-exercise/--git-common-dir/config'
2023-02-12 19:25:40.819 [info] > git remote --verbose [6ms]
2023-02-12 19:25:40.819 [info] > git config --get commit.template [1ms]
2023-02-12 19:25:40.827 [info] > git for-each-ref --format=%(refname)%00%(upstream:short)%00%(objectname) refs/heads/main refs/remotes/main [2ms]
2023-02-12 19:25:40.834 [info] > git rev-list --left-right --count main...origin/main [1ms]
2023-02-12 19:25:40.847 [info] > git status -z -uall [8ms]
2023-02-12 19:25:40.847 [info] > git for-each-ref --sort -committerdate --format %(refname) %(objectname) %(*objectname) [1ms]
2023-02-12 19:26:04.355 [warning] ENOENT: no such file or directory, open '/home/gopath/src/client-go-exercise/--git-common-dir/config'
2023-02-12 19:26:04.361 [info] > git remote --verbose [5ms]
2023-02-12 19:26:04.361 [info] > git config --get commit.template [1ms]
2023-02-12 19:26:04.368 [info] > git for-each-ref --format=%(refname)%00%(upstream:short)%00%(objectname) refs/heads/main refs/remotes/main [1ms]
2023-02-12 19:26:04.374 [info] > git rev-list --left-right --count main...origin/main [0ms]
2023-02-12 19:26:04.387 [info] > git status -z -uall [6ms]
2023-02-12 19:26:04.388 [info] > git for-each-ref --sort -committerdate --format %(refname) %(objectname) %(*objectname) [2ms]
2023-02-12 19:26:18.121 [warning] ENOENT: no such file or directory, open '/home/gopath/src/client-go-exercise/--git-common-dir/config'
2023-02-12 19:26:18.142 [info] > git config --get commit.template [1ms]
2023-02-12 19:26:18.143 [info] > git remote --verbose [21ms]
2023-02-12 19:26:18.159 [info] > git for-each-ref --format=%(refname)%00%(upstream:short)%00%(objectname) refs/heads/main refs/remotes/main [7ms]
2023-02-12 19:26:18.168 [info] > git rev-list --left-right --count main...origin/main [1ms]
2023-02-12 19:26:18.202 [info] > git status -z -uall [21ms]
2023-02-12 19:26:18.203 [info] > git for-each-ref --sort -committerdate --format %(refname) %(objectname) %(*objectname) [3ms]
2023-02-12 19:26:23.219 [warning] ENOENT: no such file or directory, open '/home/gopath/src/client-go-exercise/--git-common-dir/config'
2023-02-12 19:26:23.226 [info] > git config --get commit.template [0ms]
2023-02-12 19:26:23.226 [info] > git remote --verbose [7ms]
2023-02-12 19:26:23.233 [info] > git for-each-ref --format=%(refname)%00%(upstream:short)%00%(objectname) refs/heads/main refs/remotes/main [0ms]
2023-02-12 19:26:23.239 [info] > git rev-list --left-right --count main...origin/main [0ms]
2023-02-12 19:26:23.251 [info] > git status -z -uall [5ms]
2023-02-12 19:26:23.252 [info] > git for-each-ref --sort -committerdate --format %(refname) %(objectname) %(*objectname) [2ms]
2023-02-12 19:26:46.227 [warning] ENOENT: no such file or directory, open '/home/gopath/src/client-go-exercise/--git-common-dir/config'
2023-02-12 19:26:46.235 [info] > git config --get commit.template [1ms]
2023-02-12 19:26:46.235 [info] > git remote --verbose [8ms]
2023-02-12 19:26:46.242 [info] > git for-each-ref --format=%(refname)%00%(upstream:short)%00%(objectname) refs/heads/main refs/remotes/main [1ms]
2023-02-12 19:26:46.248 [info] > git rev-list --left-right --count main...origin/main [1ms]
2023-02-12 19:26:46.263 [info] > git status -z -uall [9ms]
2023-02-12 19:26:46.263 [info] > git for-each-ref --sort -committerdate --format %(refname) %(objectname) %(*objectname) [1ms]
2023-02-12 19:27:04.385 [warning] ENOENT: no such file or directory, open '/home/gopath/src/client-go-exercise/--git-common-dir/config'
2023-02-12 19:27:04.393 [info] > git config --get commit.template [0ms]
2023-02-12 19:27:04.394 [info] > git remote --verbose [10ms]
2023-02-12 19:27:04.402 [info] > git for-each-ref --format=%(refname)%00%(upstream:short)%00%(objectname) refs/heads/main refs/remotes/main [2ms]
2023-02-12 19:27:04.409 [info] > git rev-list --left-right --count main...origin/main [0ms]
2023-02-12 19:27:04.421 [info] > git status -z -uall [6ms]
2023-02-12 19:27:04.423 [info] > git for-each-ref --sort -committerdate --format %(refname) %(objectname) %(*objectname) [3ms]
2023-02-12 19:27:19.442 [warning] ENOENT: no such file or directory, open '/home/gopath/src/client-go-exercise/--git-common-dir/config'
2023-02-12 19:27:19.448 [info] > git remote --verbose [5ms]
2023-02-12 19:27:19.448 [info] > git config --get commit.template [1ms]
2023-02-12 19:27:19.455 [info] > git for-each-ref --format=%(refname)%00%(upstream:short)%00%(objectname) refs/heads/main refs/remotes/main [2ms]
2023-02-12 19:27:19.461 [info] > git rev-list --left-right --count main...origin/main [0ms]
2023-02-12 19:27:19.475 [info] > git status -z -uall [7ms]
2023-02-12 19:27:19.475 [info] > git for-each-ref --sort -committerdate --format %(refname) %(objectname) %(*objectname) [1ms]
2023-02-12 19:27:24.488 [warning] ENOENT: no such file or directory, open '/home/gopath/src/client-go-exercise/--git-common-dir/config'
2023-02-12 19:27:24.495 [info] > git config --get commit.template [2ms]
2023-02-12 19:27:24.495 [info] > git remote --verbose [7ms]
2023-02-12 19:27:24.502 [info] > git for-each-ref --format=%(refname)%00%(upstream:short)%00%(objectname) refs/heads/main refs/remotes/main [1ms]
2023-02-12 19:27:24.509 [info] > git rev-list --left-right --count main...origin/main [1ms]
2023-02-12 19:27:24.522 [info] > git status -z -uall [8ms]
2023-02-12 19:27:24.522 [info] > git for-each-ref --sort -committerdate --format %(refname) %(objectname) %(*objectname) [1ms]
2023-02-12 19:27:46.980 [warning] ENOENT: no such file or directory, open '/home/gopath/src/client-go-exercise/--git-common-dir/config'
2023-02-12 19:27:46.987 [info] > git config --get commit.template [1ms]
2023-02-12 19:27:46.987 [info] > git remote --verbose [7ms]
2023-02-12 19:27:46.994 [info] > git for-each-ref --format=%(refname)%00%(upstream:short)%00%(objectname) refs/heads/main refs/remotes/main [0ms]
2023-02-12 19:27:47.000 [info] > git rev-list --left-right --count main...origin/main [2ms]
2023-02-12 19:27:47.014 [info] > git status -z -uall [7ms]
2023-02-12 19:27:47.014 [info] > git for-each-ref --sort -committerdate --format %(refname) %(objectname) %(*objectname) [1ms]
2023-02-12 19:27:52.036 [warning] ENOENT: no such file or directory, open '/home/gopath/src/client-go-exercise/--git-common-dir/config'
2023-02-12 19:27:52.042 [info] > git config --get commit.template [1ms]
2023-02-12 19:27:52.042 [info] > git remote --verbose [7ms]
2023-02-12 19:27:52.049 [info] > git for-each-ref --format=%(refname)%00%(upstream:short)%00%(objectname) refs/heads/main refs/remotes/main [0ms]
2023-02-12 19:27:52.055 [info] > git rev-list --left-right --count main...origin/main [1ms]
2023-02-12 19:27:52.068 [info] > git status -z -uall [6ms]
2023-02-12 19:27:52.070 [info] > git for-each-ref --sort -committerdate --format %(refname) %(objectname) %(*objectname) [3ms]
2023-02-12 19:28:04.363 [warning] ENOENT: no such file or directory, open '/home/gopath/src/client-go-exercise/--git-common-dir/config'
2023-02-12 19:28:04.369 [info] > git config --get commit.template [1ms]
2023-02-12 19:28:04.369 [info] > git remote --verbose [6ms]
2023-02-12 19:28:04.376 [info] > git for-each-ref --format=%(refname)%00%(upstream:short)%00%(objectname) refs/heads/main refs/remotes/main [1ms]
2023-02-12 19:28:04.382 [info] > git rev-list --left-right --count main...origin/main [0ms]
2023-02-12 19:28:04.396 [info] > git status -z -uall [7ms]
2023-02-12 19:28:04.396 [info] > git for-each-ref --sort -committerdate --format %(refname) %(objectname) %(*objectname) [1ms]
2023-02-12 19:28:12.539 [warning] ENOENT: no such file or directory, open '/home/gopath/src/client-go-exercise/--git-common-dir/config'
2023-02-12 19:28:12.546 [info] > git config --get commit.template [1ms]
2023-02-12 19:28:12.546 [info] > git remote --verbose [7ms]
2023-02-12 19:28:12.554 [info] > git for-each-ref --format=%(refname)%00%(upstream:short)%00%(objectname) refs/heads/main refs/remotes/main [1ms]
2023-02-12 19:28:12.560 [info] > git rev-list --left-right --count main...origin/main [1ms]
2023-02-12 19:28:12.573 [info] > git status -z -uall [7ms]
2023-02-12 19:28:12.573 [info] > git for-each-ref --sort -committerdate --format %(refname) %(objectname) %(*objectname) [0ms]
2023-02-12 19:28:18.775 [warning] ENOENT: no such file or directory, open '/home/gopath/src/client-go-exercise/--git-common-dir/config'
2023-02-12 19:28:18.782 [info] > git remote --verbose [7ms]
2023-02-12 19:28:18.783 [info] > git config --get commit.template [2ms]
2023-02-12 19:28:18.791 [info] > git for-each-ref --format=%(refname)%00%(upstream:short)%00%(objectname) refs/heads/main refs/remotes/main [3ms]
2023-02-12 19:28:18.798 [info] > git rev-list --left-right --count main...origin/main [1ms]
2023-02-12 19:28:18.811 [info] > git status -z -uall [7ms]
2023-02-12 19:28:18.811 [info] > git for-each-ref --sort -committerdate --format %(refname) %(objectname) %(*objectname) [1ms]
2023-02-12 19:29:04.367 [warning] ENOENT: no such file or directory, open '/home/gopath/src/client-go-exercise/--git-common-dir/config'
2023-02-12 19:29:04.374 [info] > git remote --verbose [7ms]
2023-02-12 19:29:04.375 [info] > git config --get commit.template [1ms]
2023-02-12 19:29:04.384 [info] > git for-each-ref --format=%(refname)%00%(upstream:short)%00%(objectname) refs/heads/main refs/remotes/main [0ms]
2023-02-12 19:29:04.392 [info] > git rev-list --left-right --count main...origin/main [1ms]
2023-02-12 19:29:04.408 [info] > git status -z -uall [8ms]
2023-02-12 19:29:04.410 [info] > git for-each-ref --sort -committerdate --format %(refname) %(objectname) %(*objectname) [2ms]
2023-02-12 19:29:21.760 [warning] ENOENT: no such file or directory, open '/home/gopath/src/client-go-exercise/--git-common-dir/config'
2023-02-12 19:29:21.766 [info] > git remote --verbose [6ms]
2023-02-12 19:29:21.766 [info] > git config --get commit.template [1ms]
2023-02-12 19:29:21.773 [info] > git for-each-ref --format=%(refname)%00%(upstream:short)%00%(objectname) refs/heads/main refs/remotes/main [1ms]
2023-02-12 19:29:21.780 [info] > git rev-list --left-right --count main...origin/main [0ms]
2023-02-12 19:29:21.793 [info] > git status -z -uall [8ms]
2023-02-12 19:29:21.793 [info] > git for-each-ref --sort -committerdate --format %(refname) %(objectname) %(*objectname) [1ms]
2023-02-12 19:29:29.750 [warning] ENOENT: no such file or directory, open '/home/gopath/src/client-go-exercise/--git-common-dir/config'
2023-02-12 19:29:29.757 [info] > git remote --verbose [8ms]
2023-02-12 19:29:29.757 [info] > git config --get commit.template [1ms]
2023-02-12 19:29:29.768 [info] > git for-each-ref --format=%(refname)%00%(upstream:short)%00%(objectname) refs/heads/main refs/remotes/main [0ms]
2023-02-12 19:29:29.775 [info] > git rev-list --left-right --count main...origin/main [3ms]
2023-02-12 19:29:29.788 [info] > git status -z -uall [5ms]
2023-02-12 19:29:29.792 [info] > git for-each-ref --sort -committerdate --format %(refname) %(objectname) %(*objectname) [3ms]
2023-02-12 19:29:41.343 [warning] ENOENT: no such file or directory, open '/home/gopath/src/client-go-exercise/--git-common-dir/config'
2023-02-12 19:29:41.351 [info] > git config --get commit.template [1ms]
2023-02-12 19:29:41.351 [info] > git remote --verbose [8ms]
2023-02-12 19:29:41.358 [info] > git for-each-ref --format=%(refname)%00%(upstream:short)%00%(objectname) refs/heads/main refs/remotes/main [1ms]
2023-02-12 19:29:41.364 [info] > git rev-list --left-right --count main...origin/main [0ms]
2023-02-12 19:29:41.376 [info] > git status -z -uall [6ms]
2023-02-12 19:29:41.378 [info] > git for-each-ref --sort -committerdate --format %(refname) %(objectname) %(*objectname) [3ms]
2023-02-12 19:29:57.958 [warning] ENOENT: no such file or directory, open '/home/gopath/src/client-go-exercise/--git-common-dir/config'
2023-02-12 19:29:57.965 [info] > git config --get commit.template [0ms]
2023-02-12 19:29:57.965 [info] > git remote --verbose [7ms]
2023-02-12 19:29:57.972 [info] > git for-each-ref --format=%(refname)%00%(upstream:short)%00%(objectname) refs/heads/main refs/remotes/main [0ms]
2023-02-12 19:29:57.979 [info] > git rev-list --left-right --count main...origin/main [2ms]
2023-02-12 19:29:57.990 [info] > git status -z -uall [5ms]
2023-02-12 19:29:57.991 [info] > git for-each-ref --sort -committerdate --format %(refname) %(objectname) %(*objectname) [2ms]
2023-02-12 19:30:04.373 [warning] ENOENT: no such file or directory, open '/home/gopath/src/client-go-exercise/--git-common-dir/config'
2023-02-12 19:30:04.381 [info] > git config --get commit.template [1ms]
2023-02-12 19:30:04.381 [info] > git remote --verbose [8ms]
2023-02-12 19:30:04.389 [info] > git for-each-ref --format=%(refname)%00%(upstream:short)%00%(objectname) refs/heads/main refs/remotes/main [1ms]
2023-02-12 19:30:04.396 [info] > git rev-list --left-right --count main...origin/main [0ms]
2023-02-12 19:30:04.407 [info] > git status -z -uall [5ms]
2023-02-12 19:30:04.409 [info] > git for-each-ref --sort -committerdate --format %(refname) %(objectname) %(*objectname) [2ms]
2023-02-12 19:30:09.419 [warning] ENOENT: no such file or directory, open '/home/gopath/src/client-go-exercise/--git-common-dir/config'
2023-02-12 19:30:09.426 [info] > git config --get commit.template [1ms]
2023-02-12 19:30:09.426 [info] > git remote --verbose [7ms]
2023-02-12 19:30:09.433 [info] > git for-each-ref --format=%(refname)%00%(upstream:short)%00%(objectname) refs/heads/main refs/remotes/main [0ms]
2023-02-12 19:30:09.440 [info] > git rev-list --left-right --count main...origin/main [0ms]
2023-02-12 19:30:09.452 [info] > git status -z -uall [6ms]
2023-02-12 19:30:09.453 [info] > git for-each-ref --sort -committerdate --format %(refname) %(objectname) %(*objectname) [2ms]
2023-02-12 19:30:14.465 [warning] ENOENT: no such file or directory, open '/home/gopath/src/client-go-exercise/--git-common-dir/config'
2023-02-12 19:30:14.485 [info] > git remote --verbose [20ms]
2023-02-12 19:30:14.486 [info] > git config --get commit.template [6ms]
2023-02-12 19:30:14.502 [info] > git for-each-ref --format=%(refname)%00%(upstream:short)%00%(objectname) refs/heads/main refs/remotes/main [1ms]
2023-02-12 19:30:14.537 [info] > git rev-list --left-right --count main...origin/main [8ms]
2023-02-12 19:30:14.574 [info] > git status -z -uall [7ms]
2023-02-12 19:30:14.576 [info] > git for-each-ref --sort -committerdate --format %(refname) %(objectname) %(*objectname) [3ms]
2023-02-12 19:30:31.985 [warning] ENOENT: no such file or directory, open '/home/gopath/src/client-go-exercise/--git-common-dir/config'
2023-02-12 19:30:31.993 [info] > git remote --verbose [8ms]
2023-02-12 19:30:31.993 [info] > git config --get commit.template [1ms]
2023-02-12 19:30:32.000 [info] > git for-each-ref --format=%(refname)%00%(upstream:short)%00%(objectname) refs/heads/main refs/remotes/main [1ms]
2023-02-12 19:30:32.006 [info] > git rev-list --left-right --count main...origin/main [0ms]
2023-02-12 19:30:32.017 [info] > git status -z -uall [6ms]
2023-02-12 19:30:32.018 [info] > git for-each-ref --sort -committerdate --format %(refname) %(objectname) %(*objectname) [2ms]
2023-02-12 19:33:06.889 [warning] ENOENT: no such file or directory, open '/home/gopath/src/client-go-exercise/--git-common-dir/config'
2023-02-12 19:33:06.911 [info] > git remote --verbose [27ms]
2023-02-12 19:33:06.912 [info] > git config --get commit.template [2ms]
2023-02-12 19:33:06.931 [info] > git for-each-ref --format=%(refname)%00%(upstream:short)%00%(objectname) refs/heads/main refs/remotes/main [8ms]
2023-02-12 19:33:06.939 [info] > git rev-list --left-right --count main...origin/main [1ms]
2023-02-12 19:33:06.957 [info] > git for-each-ref --sort -committerdate --format %(refname) %(objectname) %(*objectname) [3ms]
2023-02-12 19:33:06.959 [info] > git status -z -uall [13ms]
