2023-02-12 19:08:03.175 [info] Added views:workbench.panel.markers.view in workbench.panel.markers
2023-02-12 19:08:03.175 [info] Added views:workbench.panel.output in workbench.panel.output
2023-02-12 19:08:03.175 [info] Added views:terminal in terminal
2023-02-12 19:08:03.175 [info] Added views:outline in workbench.view.explorer
2023-02-12 19:08:03.175 [info] Added views:workbench.scm in workbench.view.scm
2023-02-12 19:08:03.175 [info] Added views:workbench.view.search in workbench.view.search
2023-02-12 19:08:03.175 [info] Added views:timeline in workbench.view.explorer
2023-02-12 19:08:03.175 [info] Added views:workbench.explorer.emptyView in workbench.view.explorer
2023-02-12 19:08:03.175 [info] Added views:workbench.debug.variablesView,workbench.debug.watchExpressionsView,workbench.debug.callStackView,workbench.debug.breakPointsView in workbench.view.debug
2023-02-12 19:08:06.412 [info] Added views:workbench.panel.repl.view in workbench.panel.repl
2023-02-12 19:08:06.418 [info] Removed views:workbench.debug.breakPointsView,workbench.debug.callStackView,workbench.debug.watchExpressionsView,workbench.debug.variablesView from workbench.view.debug
2023-02-12 19:08:06.419 [info] Added views:workbench.debug.welcome in workbench.view.debug
2023-02-12 19:08:18.373 [info] Added views:workbench.panel.markers.view in workbench.panel.markers
2023-02-12 19:08:18.373 [info] Added views:workbench.panel.output in workbench.panel.output
2023-02-12 19:08:18.373 [info] Added views:terminal in terminal
2023-02-12 19:08:18.373 [info] Added views:outline in workbench.view.explorer
2023-02-12 19:08:18.373 [info] Added views:workbench.scm in workbench.view.scm
2023-02-12 19:08:18.373 [info] Added views:workbench.view.search in workbench.view.search
2023-02-12 19:08:18.373 [info] Added views:timeline in workbench.view.explorer
2023-02-12 19:08:18.373 [info] Added views:workbench.explorer.fileView in workbench.view.explorer
2023-02-12 19:08:18.373 [info] Added views:workbench.debug.variablesView,workbench.debug.watchExpressionsView,workbench.debug.callStackView,workbench.debug.breakPointsView in workbench.view.debug
2023-02-12 19:08:19.598 [info] Added views:workbench.panel.repl.view in workbench.panel.repl
2023-02-12 19:08:19.598 [info] Removed views:workbench.debug.breakPointsView,workbench.debug.callStackView,workbench.debug.watchExpressionsView,workbench.debug.variablesView from workbench.view.debug
2023-02-12 19:08:19.599 [info] Added views:workbench.debug.welcome in workbench.view.debug
2023-02-12 19:08:20.726 [info] Added views:workbench.view.testing in workbench.view.extension.test
2023-02-12 19:08:20.732 [info] Added views:go.explorer in workbench.view.explorer
2023-02-12 19:19:02.222 [info] Removed views:workbench.view.testing from workbench.view.extension.test
2023-02-12 19:19:03.475 [info] Added views:workbench.panel.markers.view in workbench.panel.markers
2023-02-12 19:19:03.475 [info] Added views:workbench.panel.output in workbench.panel.output
2023-02-12 19:19:03.475 [info] Added views:terminal in terminal
2023-02-12 19:19:03.475 [info] Added views:outline in workbench.view.explorer
2023-02-12 19:19:03.475 [info] Added views:workbench.scm in workbench.view.scm
2023-02-12 19:19:03.475 [info] Added views:workbench.view.search in workbench.view.search
2023-02-12 19:19:03.475 [info] Added views:timeline in workbench.view.explorer
2023-02-12 19:19:03.475 [info] Added views:workbench.explorer.fileView in workbench.view.explorer
2023-02-12 19:19:03.475 [info] Added views:workbench.debug.variablesView,workbench.debug.watchExpressionsView,workbench.debug.callStackView,workbench.debug.breakPointsView in workbench.view.debug
2023-02-12 19:19:05.257 [info] Added views:workbench.panel.repl.view in workbench.panel.repl
2023-02-12 19:19:05.271 [info] Removed views:workbench.debug.breakPointsView,workbench.debug.callStackView,workbench.debug.watchExpressionsView,workbench.debug.variablesView from workbench.view.debug
2023-02-12 19:19:05.271 [info] Added views:workbench.debug.welcome in workbench.view.debug
2023-02-12 19:19:06.928 [info] Added views:workbench.view.testing in workbench.view.extension.test
2023-02-12 19:19:06.966 [info] Added views:go.explorer in workbench.view.explorer
2023-02-12 19:33:13.680 [info] Removed views:workbench.view.testing from workbench.view.extension.test
