[Info  - 7:08:20 PM] 2023/02/12 19:08:20 go env for /home/gopath/src/client-go-exercise/restclientdemo
(root /home/gopath/src/client-go-exercise/restclientdemo)
(go version go version go1.18.5 linux/amd64)
(valid build configuration = true)
(build flags: [])
GO111MODULE=on
GOMODCACHE=/home/gopath/pkg/mod
GOPROXY=https://goproxy.io,direct
GOWORK=
GONOSUMDB=
GOFLAGS=
GOROOT=/usr/local/go
GOPATH=/home/gopath
GONOPROXY=
GOPRIVATE=
GOINSECURE=
GOCACHE=/root/.cache/go-build
GOSUMDB=sum.golang.org
GOMOD=/home/gopath/src/client-go-exercise/restclientdemo/go.mod


[Info  - 7:08:26 PM] 2023/02/12 19:08:26 go/packages.Load #1
	snapshot=0
	directory=file:///home/gopath/src/client-go-exercise/restclientdemo
	query=[builtin restclientdemo/...]
	packages=2

[Info  - 7:08:26 PM] 2023/02/12 19:08:26 go/packages.Load #1: updating metadata for 283 packages

[Info  - 7:08:58 PM] 2023/02/12 19:08:58 background imports cache refresh starting

[Info  - 7:08:59 PM] 2023/02/12 19:08:59 background refresh finished after 642.035752ms

[Info  - 7:18:40 PM] 2023/02/12 19:18:40 background imports cache refresh starting

[Info  - 7:18:40 PM] 2023/02/12 19:18:40 background refresh finished after 68.462825ms

[Info  - 7:19:02 PM] 2023/02/12 19:19:02 Shutdown session
	shutdown_session=1

