[Info  - 7:19:06 PM] 2023/02/12 19:19:06 go env for /home/gopath/src/client-go-exercise/clientsetdemo
(root /home/gopath/src/client-go-exercise/clientsetdemo)
(go version go version go1.18.5 linux/amd64)
(valid build configuration = true)
(build flags: [])
GOMODCACHE=/home/gopath/pkg/mod
GOPRIVATE=
GONOSUMDB=
GOMOD=/home/gopath/src/client-go-exercise/clientsetdemo/go.mod
GOWORK=
GOPROXY=https://goproxy.io,direct
GOCACHE=/root/.cache/go-build
GOPATH=/home/gopath
GOINSECURE=
GONOPROXY=
GOFLAGS=
GOROOT=/usr/local/go
GOSUMDB=sum.golang.org
GO111MODULE=on


[Info  - 7:19:08 PM] 2023/02/12 19:19:08 go/packages.Load #1
	snapshot=0
	directory=file:///home/gopath/src/client-go-exercise/clientsetdemo
	query=[builtin clientsetdemo/...]
	packages=2

[Info  - 7:19:08 PM] 2023/02/12 19:19:08 go/packages.Load #1: updating metadata for 449 packages

[Error - 7:19:13 PM] Request textDocument/codeAction failed.
  Message: context canceled
  Code: 0 
[Info  - 7:19:43 PM] 2023/02/12 19:19:43 background imports cache refresh starting

[Info  - 7:19:43 PM] 2023/02/12 19:19:43 background refresh finished after 97.36452ms

[Info  - 7:20:20 PM] 2023/02/12 19:20:20 background imports cache refresh starting

[Info  - 7:20:20 PM] 2023/02/12 19:20:20 background refresh finished after 21.009251ms

[Error - 7:20:33 PM] Request textDocument/codeAction failed.
  Message: context canceled
  Code: 0 
[Info  - 7:20:34 PM] 2023/02/12 19:20:34 go/packages.Load #2
	snapshot=14
	directory=file:///home/gopath/src/client-go-exercise/clientsetdemo
	query=[file=/home/gopath/src/client-go-exercise/clientsetdemo/main.go]
	packages=1

[Info  - 7:20:34 PM] 2023/02/12 19:20:34 go/packages.Load #2
	snapshot=14
	directory=file:///home/gopath/src/client-go-exercise/clientsetdemo
	package="clientsetdemo"
	files=[/home/gopath/src/client-go-exercise/clientsetdemo/main.go]

[Info  - 7:20:34 PM] 2023/02/12 19:20:34 go/packages.Load #2: updating metadata for 1 packages

[Error - 7:20:35 PM] Request textDocument/codeAction failed.
  Message: context canceled
  Code: 0 
[Info  - 7:20:41 PM] 2023/02/12 19:20:41 go/packages.Load #6: updating metadata for 1 packages

[Info  - 7:20:41 PM] 2023/02/12 19:20:41 go/packages.Load #6
	snapshot=16
	directory=file:///home/gopath/src/client-go-exercise/clientsetdemo
	query=[file=/home/gopath/src/client-go-exercise/clientsetdemo/main.go]
	packages=1

[Info  - 7:20:41 PM] 2023/02/12 19:20:41 go/packages.Load #6
	snapshot=16
	directory=file:///home/gopath/src/client-go-exercise/clientsetdemo
	package="clientsetdemo"
	files=[/home/gopath/src/client-go-exercise/clientsetdemo/main.go]

[Info  - 7:20:41 PM] 2023/02/12 19:20:41 go/packages.Load #7
	snapshot=16
	directory=file:///home/gopath/src/client-go-exercise/clientsetdemo
	query=[file=/home/gopath/src/client-go-exercise/clientsetdemo/main.go]
	packages=1

[Info  - 7:20:41 PM] 2023/02/12 19:20:41 go/packages.Load #7
	snapshot=16
	directory=file:///home/gopath/src/client-go-exercise/clientsetdemo
	package="clientsetdemo"
	files=[/home/gopath/src/client-go-exercise/clientsetdemo/main.go]

[Info  - 7:20:41 PM] 2023/02/12 19:20:41 go/packages.Load #7: updating metadata for 0 packages

[Info  - 7:21:03 PM] 2023/02/12 19:21:03 background imports cache refresh starting

[Info  - 7:21:03 PM] 2023/02/12 19:21:03 background refresh finished after 14.516226ms

[Info  - 7:21:04 PM] 2023/02/12 19:21:04 go/packages.Load #8
	snapshot=18
	directory=file:///home/gopath/src/client-go-exercise/clientsetdemo
	query=[file=/home/gopath/src/client-go-exercise/clientsetdemo/main.go]
	packages=1

[Info  - 7:21:04 PM] 2023/02/12 19:21:04 go/packages.Load #8
	snapshot=18
	directory=file:///home/gopath/src/client-go-exercise/clientsetdemo
	package="clientsetdemo"
	files=[/home/gopath/src/client-go-exercise/clientsetdemo/main.go]

[Info  - 7:21:04 PM] 2023/02/12 19:21:04 go/packages.Load #8: updating metadata for 1 packages

[Info  - 7:21:05 PM] 2023/02/12 19:21:05 go/packages.Load #9
	snapshot=18
	directory=file:///home/gopath/src/client-go-exercise/clientsetdemo
	query=[file=/home/gopath/src/client-go-exercise/clientsetdemo/main.go]
	packages=1

[Info  - 7:21:05 PM] 2023/02/12 19:21:05 go/packages.Load #9
	snapshot=18
	directory=file:///home/gopath/src/client-go-exercise/clientsetdemo
	package="clientsetdemo"
	files=[/home/gopath/src/client-go-exercise/clientsetdemo/main.go]

[Info  - 7:21:05 PM] 2023/02/12 19:21:05 go/packages.Load #9: updating metadata for 0 packages

[Info  - 7:21:34 PM] 2023/02/12 19:21:34 background imports cache refresh starting

[Info  - 7:21:34 PM] 2023/02/12 19:21:34 background refresh finished after 13.668051ms

[Info  - 7:22:17 PM] 2023/02/12 19:22:17 background imports cache refresh starting

[Info  - 7:22:17 PM] 2023/02/12 19:22:17 background refresh finished after 13.271914ms

[Info  - 7:23:01 PM] 2023/02/12 19:23:01 background imports cache refresh starting

[Info  - 7:23:01 PM] 2023/02/12 19:23:01 background refresh finished after 13.377202ms

[Info  - 7:23:52 PM] 2023/02/12 19:23:52 background imports cache refresh starting

[Info  - 7:23:52 PM] 2023/02/12 19:23:52 background refresh finished after 13.855104ms

[Info  - 7:24:06 PM] 2023/02/12 19:24:06 go/packages.Load #11
	snapshot=22
	directory=file:///home/gopath/src/client-go-exercise/clientsetdemo
	package="clientsetdemo"
	files=[/home/gopath/src/client-go-exercise/clientsetdemo/main.go]

[Info  - 7:24:06 PM] 2023/02/12 19:24:06 go/packages.Load #11
	snapshot=22
	directory=file:///home/gopath/src/client-go-exercise/clientsetdemo
	query=[file=/home/gopath/src/client-go-exercise/clientsetdemo/main.go]
	packages=1

[Info  - 7:24:06 PM] 2023/02/12 19:24:06 go/packages.Load #10
	snapshot=22
	directory=file:///home/gopath/src/client-go-exercise/clientsetdemo
	query=[file=/home/gopath/src/client-go-exercise/clientsetdemo/main.go]
	packages=1

[Info  - 7:24:06 PM] 2023/02/12 19:24:06 go/packages.Load #10
	snapshot=22
	directory=file:///home/gopath/src/client-go-exercise/clientsetdemo
	package="clientsetdemo"
	files=[/home/gopath/src/client-go-exercise/clientsetdemo/main.go]

[Info  - 7:24:06 PM] 2023/02/12 19:24:06 go/packages.Load #10: updating metadata for 1 packages

[Info  - 7:24:06 PM] 2023/02/12 19:24:06 go/packages.Load #11: updating metadata for 0 packages

[Info  - 7:24:34 PM] 2023/02/12 19:24:34 background imports cache refresh starting

[Info  - 7:24:34 PM] 2023/02/12 19:24:34 background refresh finished after 14.306793ms

[Error - 7:24:46 PM] 2023/02/12 19:24:46 no completions found: this is a definition of package a ("k8s.io/api/core/v1")
	position=8:2

[Error - 7:25:02 PM] 2023/02/12 19:25:02 no completions found: this is a definition of package m ("k8s.io/apimachinery/pkg/apis/meta/v1")
	position=9:2

[Info  - 7:25:13 PM] 2023/02/12 19:25:13 background imports cache refresh starting

[Info  - 7:25:13 PM] 2023/02/12 19:25:13 background refresh finished after 28.33463ms

[Info  - 7:26:03 PM] 2023/02/12 19:26:03 background imports cache refresh starting

[Info  - 7:26:03 PM] 2023/02/12 19:26:03 background refresh finished after 14.133104ms

[Info  - 7:26:16 PM] 2023/02/12 19:26:16 go/packages.Load #12
	snapshot=42
	directory=file:///home/gopath/src/client-go-exercise/clientsetdemo
	query=[file=/home/gopath/src/client-go-exercise/clientsetdemo/main.go]
	packages=1

[Info  - 7:26:16 PM] 2023/02/12 19:26:16 go/packages.Load #12
	snapshot=42
	directory=file:///home/gopath/src/client-go-exercise/clientsetdemo
	package="clientsetdemo"
	files=[/home/gopath/src/client-go-exercise/clientsetdemo/main.go]

[Info  - 7:26:16 PM] 2023/02/12 19:26:16 go/packages.Load #12: updating metadata for 1 packages

[Info  - 7:26:16 PM] 2023/02/12 19:26:16 go/packages.Load #13
	snapshot=42
	directory=file:///home/gopath/src/client-go-exercise/clientsetdemo
	query=[file=/home/gopath/src/client-go-exercise/clientsetdemo/main.go]
	packages=1

[Info  - 7:26:16 PM] 2023/02/12 19:26:16 go/packages.Load #13
	snapshot=42
	directory=file:///home/gopath/src/client-go-exercise/clientsetdemo
	package="clientsetdemo"
	files=[/home/gopath/src/client-go-exercise/clientsetdemo/main.go]

[Info  - 7:26:16 PM] 2023/02/12 19:26:16 go/packages.Load #13: updating metadata for 0 packages

[Info  - 7:26:45 PM] 2023/02/12 19:26:45 background imports cache refresh starting

[Info  - 7:26:45 PM] 2023/02/12 19:26:45 background refresh finished after 14.18411ms

[Error - 7:27:17 PM] 2023/02/12 19:27:17 no signature help: cannot find an enclosing function
	position=95:38

[Info  - 7:27:45 PM] 2023/02/12 19:27:45 background imports cache refresh starting

[Info  - 7:27:45 PM] 2023/02/12 19:27:45 background refresh finished after 14.029633ms

[Info  - 7:28:17 PM] 2023/02/12 19:28:17 background imports cache refresh starting

[Info  - 7:28:17 PM] 2023/02/12 19:28:17 background refresh finished after 12.960249ms

[Info  - 7:29:20 PM] 2023/02/12 19:29:20 background imports cache refresh starting

[Info  - 7:29:20 PM] 2023/02/12 19:29:20 background refresh finished after 14.359898ms

[Info  - 7:30:04 PM] 2023/02/12 19:30:04 background imports cache refresh starting

[Info  - 7:30:04 PM] 2023/02/12 19:30:04 background refresh finished after 13.224539ms

[Info  - 7:30:35 PM] 2023/02/12 19:30:35 background imports cache refresh starting

[Info  - 7:30:35 PM] 2023/02/12 19:30:35 background refresh finished after 20.358804ms

[Info  - 7:33:13 PM] 2023/02/12 19:33:13 Shutdown session
	shutdown_session=1

