2023-02-13 18:05:42.610 [info] Log level: Info
2023-02-13 18:05:42.610 [info] Validating found git in: "git"
2023-02-13 18:05:42.610 [info] Using git "1.8.3.1" from "git"
2023-02-13 18:05:56.338 [info] Log level: Info
2023-02-13 18:05:56.338 [info] Validating found git in: "git"
2023-02-13 18:05:56.338 [info] Using git "1.8.3.1" from "git"
2023-02-13 18:05:56.338 [info] > git rev-parse --show-toplevel [175ms]
2023-02-13 18:05:56.338 [info] > git rev-parse --git-dir --git-common-dir [8ms]
2023-02-13 18:05:56.338 [info] Open repository: /home/gopath/src/client-go-exercise
2023-02-13 18:05:56.339 [warning] ENOENT: no such file or directory, open '/home/gopath/src/client-go-exercise/--git-common-dir/config'
2023-02-13 18:05:56.339 [info] > git remote --verbose [16ms]
2023-02-13 18:05:56.339 [info] > git rev-parse --show-toplevel [33ms]
2023-02-13 18:05:56.339 [info] > git config --get commit.template [11ms]
2023-02-13 18:05:56.339 [info] > git for-each-ref --format=%(refname)%00%(upstream:short)%00%(objectname) refs/heads/main refs/remotes/main [7ms]
2023-02-13 18:05:56.339 [info] > git rev-list --left-right --count main...origin/main [48ms]
2023-02-13 18:05:56.339 [info] > git status -z -uall [11ms]
2023-02-13 18:05:56.339 [info] > git for-each-ref --sort -committerdate --format %(refname) %(objectname) %(*objectname) [8ms]
2023-02-13 18:05:56.364 [warning] ENOENT: no such file or directory, open '/home/gopath/src/client-go-exercise/--git-common-dir/config'
2023-02-13 18:05:56.371 [info] > git config --get commit.template [1ms]
2023-02-13 18:05:56.372 [info] > git remote --verbose [7ms]
2023-02-13 18:05:56.389 [info] > git for-each-ref --format=%(refname)%00%(upstream:short)%00%(objectname) refs/heads/main refs/remotes/main [3ms]
2023-02-13 18:05:56.403 [info] > git rev-list --left-right --count main...origin/main [4ms]
2023-02-13 18:05:56.429 [info] > git status -z -uall [10ms]
2023-02-13 18:05:56.432 [info] > git for-each-ref --sort -committerdate --format %(refname) %(objectname) %(*objectname) [3ms]
2023-02-13 18:05:56.729 [info] > git check-ignore -v -z --stdin [1ms]
2023-02-13 18:05:58.257 [warning] ENOENT: no such file or directory, open '/home/gopath/src/client-go-exercise/--git-common-dir/config'
2023-02-13 18:05:58.269 [info] > git remote --verbose [12ms]
2023-02-13 18:05:58.283 [info] > git config --get commit.template [14ms]
2023-02-13 18:05:58.285 [info] > git for-each-ref --format=%(refname)%00%(upstream:short)%00%(objectname) refs/heads/main refs/remotes/main [4ms]
2023-02-13 18:05:58.298 [info] > git rev-list --left-right --count main...origin/main [1ms]
2023-02-13 18:05:58.355 [info] > git status -z -uall [43ms]
2023-02-13 18:05:58.355 [info] > git for-each-ref --sort -committerdate --format %(refname) %(objectname) %(*objectname) [3ms]
2023-02-13 18:05:58.938 [info] > git show --textconv :dynamicclientdemo/main.go [36ms]
2023-02-13 18:05:58.938 [info] > git ls-files --stage -- /home/gopath/src/client-go-exercise/dynamicclientdemo/main.go [1ms]
2023-02-13 18:06:03.376 [warning] ENOENT: no such file or directory, open '/home/gopath/src/client-go-exercise/--git-common-dir/config'
2023-02-13 18:06:03.383 [info] > git remote --verbose [7ms]
2023-02-13 18:06:03.385 [info] > git config --get commit.template [2ms]
2023-02-13 18:06:03.396 [info] > git for-each-ref --format=%(refname)%00%(upstream:short)%00%(objectname) refs/heads/main refs/remotes/main [2ms]
2023-02-13 18:06:03.405 [info] > git rev-list --left-right --count main...origin/main [1ms]
2023-02-13 18:06:03.427 [info] > git status -z -uall [12ms]
2023-02-13 18:06:03.430 [info] > git for-each-ref --sort -committerdate --format %(refname) %(objectname) %(*objectname) [4ms]
2023-02-13 18:06:09.023 [warning] ENOENT: no such file or directory, open '/home/gopath/src/client-go-exercise/--git-common-dir/config'
2023-02-13 18:06:09.031 [info] > git remote --verbose [8ms]
2023-02-13 18:06:09.032 [info] > git config --get commit.template [2ms]
2023-02-13 18:06:09.041 [info] > git for-each-ref --format=%(refname)%00%(upstream:short)%00%(objectname) refs/heads/main refs/remotes/main [1ms]
2023-02-13 18:06:09.049 [info] > git rev-list --left-right --count main...origin/main [0ms]
2023-02-13 18:06:09.061 [info] > git status -z -uall [7ms]
2023-02-13 18:06:09.063 [info] > git for-each-ref --sort -committerdate --format %(refname) %(objectname) %(*objectname) [3ms]
2023-02-13 18:06:14.072 [warning] ENOENT: no such file or directory, open '/home/gopath/src/client-go-exercise/--git-common-dir/config'
2023-02-13 18:06:14.078 [info] > git remote --verbose [6ms]
2023-02-13 18:06:14.079 [info] > git config --get commit.template [2ms]
2023-02-13 18:06:14.086 [info] > git for-each-ref --format=%(refname)%00%(upstream:short)%00%(objectname) refs/heads/main refs/remotes/main [1ms]
2023-02-13 18:06:14.093 [info] > git rev-list --left-right --count main...origin/main [0ms]
2023-02-13 18:06:14.105 [info] > git status -z -uall [5ms]
2023-02-13 18:06:14.107 [info] > git for-each-ref --sort -committerdate --format %(refname) %(objectname) %(*objectname) [2ms]
2023-02-13 18:06:19.123 [warning] ENOENT: no such file or directory, open '/home/gopath/src/client-go-exercise/--git-common-dir/config'
2023-02-13 18:06:19.131 [info] > git remote --verbose [8ms]
2023-02-13 18:06:19.132 [info] > git config --get commit.template [2ms]
2023-02-13 18:06:19.140 [info] > git for-each-ref --format=%(refname)%00%(upstream:short)%00%(objectname) refs/heads/main refs/remotes/main [1ms]
2023-02-13 18:06:19.148 [info] > git rev-list --left-right --count main...origin/main [2ms]
2023-02-13 18:06:19.161 [info] > git status -z -uall [7ms]
2023-02-13 18:06:19.163 [info] > git for-each-ref --sort -committerdate --format %(refname) %(objectname) %(*objectname) [3ms]
2023-02-13 18:06:26.247 [warning] ENOENT: no such file or directory, open '/home/gopath/src/client-go-exercise/--git-common-dir/config'
2023-02-13 18:06:26.255 [info] > git config --get commit.template [1ms]
2023-02-13 18:06:26.255 [info] > git remote --verbose [8ms]
2023-02-13 18:06:26.263 [info] > git for-each-ref --format=%(refname)%00%(upstream:short)%00%(objectname) refs/heads/main refs/remotes/main [1ms]
2023-02-13 18:06:26.270 [info] > git rev-list --left-right --count main...origin/main [2ms]
2023-02-13 18:06:26.285 [info] > git status -z -uall [9ms]
2023-02-13 18:06:26.286 [info] > git for-each-ref --sort -committerdate --format %(refname) %(objectname) %(*objectname) [1ms]
2023-02-13 18:06:31.302 [warning] ENOENT: no such file or directory, open '/home/gopath/src/client-go-exercise/--git-common-dir/config'
2023-02-13 18:06:31.313 [info] > git remote --verbose [11ms]
2023-02-13 18:06:31.314 [info] > git config --get commit.template [1ms]
2023-02-13 18:06:31.324 [info] > git for-each-ref --format=%(refname)%00%(upstream:short)%00%(objectname) refs/heads/main refs/remotes/main [2ms]
2023-02-13 18:06:31.337 [info] > git rev-list --left-right --count main...origin/main [3ms]
2023-02-13 18:06:31.357 [info] > git status -z -uall [7ms]
2023-02-13 18:06:31.360 [info] > git for-each-ref --sort -committerdate --format %(refname) %(objectname) %(*objectname) [2ms]
2023-02-13 18:06:54.212 [warning] ENOENT: no such file or directory, open '/home/gopath/src/client-go-exercise/--git-common-dir/config'
2023-02-13 18:06:54.227 [info] > git remote --verbose [15ms]
2023-02-13 18:06:54.230 [info] > git config --get commit.template [3ms]
2023-02-13 18:06:54.254 [info] > git for-each-ref --format=%(refname)%00%(upstream:short)%00%(objectname) refs/heads/main refs/remotes/main [12ms]
2023-02-13 18:06:54.286 [info] > git rev-list --left-right --count main...origin/main [8ms]
2023-02-13 18:06:54.311 [info] > git status -z -uall [18ms]
2023-02-13 18:06:54.311 [info] > git for-each-ref --sort -committerdate --format %(refname) %(objectname) %(*objectname) [2ms]
2023-02-13 18:06:59.331 [warning] ENOENT: no such file or directory, open '/home/gopath/src/client-go-exercise/--git-common-dir/config'
2023-02-13 18:06:59.338 [info] > git config --get commit.template [1ms]
2023-02-13 18:06:59.338 [info] > git remote --verbose [7ms]
2023-02-13 18:06:59.345 [info] > git for-each-ref --format=%(refname)%00%(upstream:short)%00%(objectname) refs/heads/main refs/remotes/main [1ms]
2023-02-13 18:06:59.352 [info] > git rev-list --left-right --count main...origin/main [0ms]
2023-02-13 18:06:59.364 [info] > git status -z -uall [7ms]
2023-02-13 18:06:59.366 [info] > git for-each-ref --sort -committerdate --format %(refname) %(objectname) %(*objectname) [3ms]
2023-02-13 18:07:09.454 [warning] ENOENT: no such file or directory, open '/home/gopath/src/client-go-exercise/--git-common-dir/config'
2023-02-13 18:07:09.461 [info] > git config --get commit.template [1ms]
2023-02-13 18:07:09.461 [info] > git remote --verbose [7ms]
2023-02-13 18:07:09.468 [info] > git for-each-ref --format=%(refname)%00%(upstream:short)%00%(objectname) refs/heads/main refs/remotes/main [1ms]
2023-02-13 18:07:09.474 [info] > git rev-list --left-right --count main...origin/main [1ms]
2023-02-13 18:07:09.485 [info] > git status -z -uall [6ms]
2023-02-13 18:07:09.488 [info] > git for-each-ref --sort -committerdate --format %(refname) %(objectname) %(*objectname) [3ms]
2023-02-13 18:07:14.500 [warning] ENOENT: no such file or directory, open '/home/gopath/src/client-go-exercise/--git-common-dir/config'
2023-02-13 18:07:14.506 [info] > git remote --verbose [6ms]
2023-02-13 18:07:14.507 [info] > git config --get commit.template [1ms]
2023-02-13 18:07:14.513 [info] > git for-each-ref --format=%(refname)%00%(upstream:short)%00%(objectname) refs/heads/main refs/remotes/main [1ms]
2023-02-13 18:07:14.520 [info] > git rev-list --left-right --count main...origin/main [1ms]
2023-02-13 18:07:14.532 [info] > git status -z -uall [6ms]
2023-02-13 18:07:14.533 [info] > git for-each-ref --sort -committerdate --format %(refname) %(objectname) %(*objectname) [2ms]
2023-02-13 18:07:19.545 [warning] ENOENT: no such file or directory, open '/home/gopath/src/client-go-exercise/--git-common-dir/config'
2023-02-13 18:07:19.552 [info] > git config --get commit.template [0ms]
2023-02-13 18:07:19.552 [info] > git remote --verbose [7ms]
2023-02-13 18:07:19.558 [info] > git for-each-ref --format=%(refname)%00%(upstream:short)%00%(objectname) refs/heads/main refs/remotes/main [1ms]
2023-02-13 18:07:19.564 [info] > git rev-list --left-right --count main...origin/main [1ms]
2023-02-13 18:07:19.580 [info] > git status -z -uall [7ms]
2023-02-13 18:07:19.581 [info] > git for-each-ref --sort -committerdate --format %(refname) %(objectname) %(*objectname) [1ms]
2023-02-13 18:07:24.598 [warning] ENOENT: no such file or directory, open '/home/gopath/src/client-go-exercise/--git-common-dir/config'
2023-02-13 18:07:24.605 [info] > git config --get commit.template [1ms]
2023-02-13 18:07:24.606 [info] > git remote --verbose [8ms]
2023-02-13 18:07:24.616 [info] > git for-each-ref --format=%(refname)%00%(upstream:short)%00%(objectname) refs/heads/main refs/remotes/main [4ms]
2023-02-13 18:07:24.624 [info] > git rev-list --left-right --count main...origin/main [1ms]
2023-02-13 18:07:24.642 [info] > git status -z -uall [13ms]
2023-02-13 18:07:24.643 [info] > git for-each-ref --sort -committerdate --format %(refname) %(objectname) %(*objectname) [2ms]
2023-02-13 18:07:29.653 [warning] ENOENT: no such file or directory, open '/home/gopath/src/client-go-exercise/--git-common-dir/config'
2023-02-13 18:07:29.660 [info] > git config --get commit.template [1ms]
2023-02-13 18:07:29.660 [info] > git remote --verbose [7ms]
2023-02-13 18:07:29.667 [info] > git for-each-ref --format=%(refname)%00%(upstream:short)%00%(objectname) refs/heads/main refs/remotes/main [1ms]
2023-02-13 18:07:29.675 [info] > git rev-list --left-right --count main...origin/main [1ms]
2023-02-13 18:07:29.696 [info] > git status -z -uall [13ms]
2023-02-13 18:07:29.696 [info] > git for-each-ref --sort -committerdate --format %(refname) %(objectname) %(*objectname) [2ms]
2023-02-13 18:07:34.711 [warning] ENOENT: no such file or directory, open '/home/gopath/src/client-go-exercise/--git-common-dir/config'
2023-02-13 18:07:34.718 [info] > git remote --verbose [6ms]
2023-02-13 18:07:34.718 [info] > git config --get commit.template [1ms]
2023-02-13 18:07:34.726 [info] > git for-each-ref --format=%(refname)%00%(upstream:short)%00%(objectname) refs/heads/main refs/remotes/main [1ms]
2023-02-13 18:07:34.733 [info] > git rev-list --left-right --count main...origin/main [0ms]
2023-02-13 18:07:34.744 [info] > git status -z -uall [5ms]
2023-02-13 18:07:34.746 [info] > git for-each-ref --sort -committerdate --format %(refname) %(objectname) %(*objectname) [2ms]
2023-02-13 18:07:39.757 [warning] ENOENT: no such file or directory, open '/home/gopath/src/client-go-exercise/--git-common-dir/config'
2023-02-13 18:07:39.765 [info] > git config --get commit.template [1ms]
2023-02-13 18:07:39.765 [info] > git remote --verbose [8ms]
2023-02-13 18:07:39.773 [info] > git for-each-ref --format=%(refname)%00%(upstream:short)%00%(objectname) refs/heads/main refs/remotes/main [3ms]
2023-02-13 18:07:39.781 [info] > git rev-list --left-right --count main...origin/main [2ms]
2023-02-13 18:07:39.797 [info] > git status -z -uall [10ms]
2023-02-13 18:07:39.801 [info] > git for-each-ref --sort -committerdate --format %(refname) %(objectname) %(*objectname) [5ms]
2023-02-13 18:07:44.811 [warning] ENOENT: no such file or directory, open '/home/gopath/src/client-go-exercise/--git-common-dir/config'
2023-02-13 18:07:44.818 [info] > git config --get commit.template [1ms]
2023-02-13 18:07:44.819 [info] > git remote --verbose [7ms]
2023-02-13 18:07:44.825 [info] > git for-each-ref --format=%(refname)%00%(upstream:short)%00%(objectname) refs/heads/main refs/remotes/main [0ms]
2023-02-13 18:07:44.831 [info] > git rev-list --left-right --count main...origin/main [1ms]
2023-02-13 18:07:44.844 [info] > git status -z -uall [8ms]
2023-02-13 18:07:44.846 [info] > git for-each-ref --sort -committerdate --format %(refname) %(objectname) %(*objectname) [2ms]
2023-02-13 18:07:49.856 [warning] ENOENT: no such file or directory, open '/home/gopath/src/client-go-exercise/--git-common-dir/config'
2023-02-13 18:07:49.864 [info] > git config --get commit.template [0ms]
2023-02-13 18:07:49.864 [info] > git remote --verbose [8ms]
2023-02-13 18:07:49.871 [info] > git for-each-ref --format=%(refname)%00%(upstream:short)%00%(objectname) refs/heads/main refs/remotes/main [1ms]
2023-02-13 18:07:49.877 [info] > git rev-list --left-right --count main...origin/main [0ms]
2023-02-13 18:07:49.890 [info] > git status -z -uall [7ms]
2023-02-13 18:07:49.893 [info] > git for-each-ref --sort -committerdate --format %(refname) %(objectname) %(*objectname) [3ms]
2023-02-13 18:07:54.909 [warning] ENOENT: no such file or directory, open '/home/gopath/src/client-go-exercise/--git-common-dir/config'
2023-02-13 18:07:54.922 [info] > git remote --verbose [13ms]
2023-02-13 18:07:54.922 [info] > git config --get commit.template [1ms]
2023-02-13 18:07:54.934 [info] > git for-each-ref --format=%(refname)%00%(upstream:short)%00%(objectname) refs/heads/main refs/remotes/main [1ms]
2023-02-13 18:07:54.948 [info] > git rev-list --left-right --count main...origin/main [2ms]
2023-02-13 18:07:54.961 [info] > git status -z -uall [7ms]
2023-02-13 18:07:54.962 [info] > git for-each-ref --sort -committerdate --format %(refname) %(objectname) %(*objectname) [2ms]
2023-02-13 18:08:00.076 [warning] ENOENT: no such file or directory, open '/home/gopath/src/client-go-exercise/--git-common-dir/config'
2023-02-13 18:08:00.114 [info] > git config --get commit.template [2ms]
2023-02-13 18:08:00.114 [info] > git remote --verbose [38ms]
2023-02-13 18:08:00.127 [info] > git for-each-ref --format=%(refname)%00%(upstream:short)%00%(objectname) refs/heads/main refs/remotes/main [3ms]
2023-02-13 18:08:00.138 [info] > git rev-list --left-right --count main...origin/main [2ms]
2023-02-13 18:08:00.190 [info] > git status -z -uall [24ms]
2023-02-13 18:08:00.192 [info] > git for-each-ref --sort -committerdate --format %(refname) %(objectname) %(*objectname) [3ms]
2023-02-13 18:08:05.205 [warning] ENOENT: no such file or directory, open '/home/gopath/src/client-go-exercise/--git-common-dir/config'
2023-02-13 18:08:05.217 [info] > git config --get commit.template [2ms]
2023-02-13 18:08:05.217 [info] > git remote --verbose [13ms]
2023-02-13 18:08:05.227 [info] > git for-each-ref --format=%(refname)%00%(upstream:short)%00%(objectname) refs/heads/main refs/remotes/main [1ms]
2023-02-13 18:08:05.235 [info] > git rev-list --left-right --count main...origin/main [2ms]
2023-02-13 18:08:05.251 [info] > git for-each-ref --sort -committerdate --format %(refname) %(objectname) %(*objectname) [2ms]
2023-02-13 18:08:05.252 [info] > git status -z -uall [9ms]
2023-02-13 18:08:18.211 [warning] ENOENT: no such file or directory, open '/home/gopath/src/client-go-exercise/--git-common-dir/config'
2023-02-13 18:08:18.218 [info] > git config --get commit.template [0ms]
2023-02-13 18:08:18.219 [info] > git remote --verbose [8ms]
2023-02-13 18:08:18.225 [info] > git for-each-ref --format=%(refname)%00%(upstream:short)%00%(objectname) refs/heads/main refs/remotes/main [0ms]
2023-02-13 18:08:18.232 [info] > git rev-list --left-right --count main...origin/main [2ms]
2023-02-13 18:08:18.245 [info] > git status -z -uall [7ms]
2023-02-13 18:08:18.246 [info] > git for-each-ref --sort -committerdate --format %(refname) %(objectname) %(*objectname) [2ms]
2023-02-13 18:08:52.356 [warning] ENOENT: no such file or directory, open '/home/gopath/src/client-go-exercise/--git-common-dir/config'
2023-02-13 18:08:52.363 [info] > git remote --verbose [6ms]
2023-02-13 18:08:52.363 [info] > git config --get commit.template [2ms]
2023-02-13 18:08:52.369 [info] > git for-each-ref --format=%(refname)%00%(upstream:short)%00%(objectname) refs/heads/main refs/remotes/main [0ms]
2023-02-13 18:08:52.376 [info] > git rev-list --left-right --count main...origin/main [1ms]
2023-02-13 18:08:52.389 [info] > git status -z -uall [8ms]
2023-02-13 18:08:52.391 [info] > git for-each-ref --sort -committerdate --format %(refname) %(objectname) %(*objectname) [3ms]
2023-02-13 18:08:57.408 [warning] ENOENT: no such file or directory, open '/home/gopath/src/client-go-exercise/--git-common-dir/config'
2023-02-13 18:08:57.416 [info] > git remote --verbose [7ms]
2023-02-13 18:08:57.416 [info] > git config --get commit.template [2ms]
2023-02-13 18:08:57.424 [info] > git for-each-ref --format=%(refname)%00%(upstream:short)%00%(objectname) refs/heads/main refs/remotes/main [1ms]
2023-02-13 18:08:57.432 [info] > git rev-list --left-right --count main...origin/main [1ms]
2023-02-13 18:08:57.447 [info] > git status -z -uall [9ms]
2023-02-13 18:08:57.452 [info] > git for-each-ref --sort -committerdate --format %(refname) %(objectname) %(*objectname) [5ms]
2023-02-13 18:10:10.388 [warning] ENOENT: no such file or directory, open '/home/gopath/src/client-go-exercise/--git-common-dir/config'
2023-02-13 18:10:10.421 [info] > git config --get commit.template [1ms]
2023-02-13 18:10:10.421 [info] > git remote --verbose [33ms]
2023-02-13 18:10:10.433 [info] > git for-each-ref --format=%(refname)%00%(upstream:short)%00%(objectname) refs/heads/main refs/remotes/main [2ms]
2023-02-13 18:10:10.440 [info] > git rev-list --left-right --count main...origin/main [1ms]
2023-02-13 18:10:10.457 [info] > git for-each-ref --sort -committerdate --format %(refname) %(objectname) %(*objectname) [1ms]
2023-02-13 18:10:10.461 [info] > git status -z -uall [12ms]
2023-02-13 18:10:15.475 [warning] ENOENT: no such file or directory, open '/home/gopath/src/client-go-exercise/--git-common-dir/config'
2023-02-13 18:10:15.481 [info] > git config --get commit.template [1ms]
2023-02-13 18:10:15.481 [info] > git remote --verbose [7ms]
2023-02-13 18:10:15.489 [info] > git for-each-ref --format=%(refname)%00%(upstream:short)%00%(objectname) refs/heads/main refs/remotes/main [1ms]
2023-02-13 18:10:15.495 [info] > git rev-list --left-right --count main...origin/main [0ms]
2023-02-13 18:10:15.508 [info] > git status -z -uall [7ms]
2023-02-13 18:10:15.508 [info] > git for-each-ref --sort -committerdate --format %(refname) %(objectname) %(*objectname) [1ms]
2023-02-13 18:10:36.473 [warning] ENOENT: no such file or directory, open '/home/gopath/src/client-go-exercise/--git-common-dir/config'
2023-02-13 18:10:36.492 [info] > git config --get commit.template [10ms]
2023-02-13 18:10:36.493 [info] > git remote --verbose [19ms]
2023-02-13 18:10:36.493 [info] > git for-each-ref --format=%(refname)%00%(upstream:short)%00%(objectname) refs/heads/main refs/remotes/main [2ms]
2023-02-13 18:10:36.500 [info] > git rev-list --left-right --count main...origin/main [1ms]
2023-02-13 18:10:36.514 [info] > git status -z -uall [7ms]
2023-02-13 18:10:36.516 [info] > git for-each-ref --sort -committerdate --format %(refname) %(objectname) %(*objectname) [2ms]
2023-02-13 18:10:42.722 [warning] ENOENT: no such file or directory, open '/home/gopath/src/client-go-exercise/--git-common-dir/config'
2023-02-13 18:10:42.730 [info] > git remote --verbose [8ms]
2023-02-13 18:10:42.731 [info] > git config --get commit.template [2ms]
2023-02-13 18:10:42.740 [info] > git for-each-ref --format=%(refname)%00%(upstream:short)%00%(objectname) refs/heads/main refs/remotes/main [1ms]
2023-02-13 18:10:42.749 [info] > git rev-list --left-right --count main...origin/main [1ms]
2023-02-13 18:10:42.766 [info] > git status -z -uall [11ms]
2023-02-13 18:10:42.768 [info] > git for-each-ref --sort -committerdate --format %(refname) %(objectname) %(*objectname) [3ms]
2023-02-13 18:10:54.265 [warning] ENOENT: no such file or directory, open '/home/gopath/src/client-go-exercise/--git-common-dir/config'
2023-02-13 18:10:54.273 [info] > git config --get commit.template [1ms]
2023-02-13 18:10:54.274 [info] > git remote --verbose [9ms]
2023-02-13 18:10:54.283 [info] > git for-each-ref --format=%(refname)%00%(upstream:short)%00%(objectname) refs/heads/main refs/remotes/main [2ms]
2023-02-13 18:10:54.317 [info] > git rev-list --left-right --count main...origin/main [1ms]
2023-02-13 18:10:54.390 [info] > git status -z -uall [58ms]
2023-02-13 18:10:54.391 [info] > git for-each-ref --sort -committerdate --format %(refname) %(objectname) %(*objectname) [3ms]
2023-02-13 18:10:59.406 [warning] ENOENT: no such file or directory, open '/home/gopath/src/client-go-exercise/--git-common-dir/config'
2023-02-13 18:10:59.414 [info] > git config --get commit.template [1ms]
2023-02-13 18:10:59.414 [info] > git remote --verbose [8ms]
2023-02-13 18:10:59.423 [info] > git for-each-ref --format=%(refname)%00%(upstream:short)%00%(objectname) refs/heads/main refs/remotes/main [1ms]
2023-02-13 18:10:59.429 [info] > git rev-list --left-right --count main...origin/main [0ms]
2023-02-13 18:10:59.444 [info] > git status -z -uall [9ms]
2023-02-13 18:10:59.446 [info] > git for-each-ref --sort -committerdate --format %(refname) %(objectname) %(*objectname) [3ms]
2023-02-13 18:11:11.680 [warning] ENOENT: no such file or directory, open '/home/gopath/src/client-go-exercise/--git-common-dir/config'
2023-02-13 18:11:11.686 [info] > git config --get commit.template [1ms]
2023-02-13 18:11:11.686 [info] > git remote --verbose [7ms]
2023-02-13 18:11:11.694 [info] > git for-each-ref --format=%(refname)%00%(upstream:short)%00%(objectname) refs/heads/main refs/remotes/main [1ms]
2023-02-13 18:11:11.701 [info] > git rev-list --left-right --count main...origin/main [1ms]
2023-02-13 18:11:11.712 [info] > git status -z -uall [6ms]
2023-02-13 18:11:11.713 [info] > git for-each-ref --sort -committerdate --format %(refname) %(objectname) %(*objectname) [2ms]
2023-02-13 18:11:16.726 [warning] ENOENT: no such file or directory, open '/home/gopath/src/client-go-exercise/--git-common-dir/config'
2023-02-13 18:11:16.733 [info] > git config --get commit.template [1ms]
2023-02-13 18:11:16.733 [info] > git remote --verbose [7ms]
2023-02-13 18:11:16.744 [info] > git for-each-ref --format=%(refname)%00%(upstream:short)%00%(objectname) refs/heads/main refs/remotes/main [3ms]
2023-02-13 18:11:16.751 [info] > git rev-list --left-right --count main...origin/main [0ms]
2023-02-13 18:11:16.762 [info] > git status -z -uall [5ms]
2023-02-13 18:11:16.764 [info] > git for-each-ref --sort -committerdate --format %(refname) %(objectname) %(*objectname) [2ms]
2023-02-13 18:11:21.800 [warning] ENOENT: no such file or directory, open '/home/gopath/src/client-go-exercise/--git-common-dir/config'
2023-02-13 18:11:21.816 [info] > git remote --verbose [16ms]
2023-02-13 18:11:21.835 [info] > git config --get commit.template [20ms]
2023-02-13 18:11:21.842 [info] > git for-each-ref --format=%(refname)%00%(upstream:short)%00%(objectname) refs/heads/main refs/remotes/main [8ms]
2023-02-13 18:11:21.864 [info] > git rev-list --left-right --count main...origin/main [3ms]
2023-02-13 18:11:21.905 [info] > git for-each-ref --sort -committerdate --format %(refname) %(objectname) %(*objectname) [0ms]
2023-02-13 18:11:21.908 [info] > git status -z -uall [15ms]
2023-02-13 18:11:32.736 [warning] ENOENT: no such file or directory, open '/home/gopath/src/client-go-exercise/--git-common-dir/config'
2023-02-13 18:11:32.755 [info] > git remote --verbose [20ms]
2023-02-13 18:11:32.788 [info] > git for-each-ref --format=%(refname)%00%(upstream:short)%00%(objectname) refs/heads/main refs/remotes/main [1ms]
2023-02-13 18:11:32.801 [info] > git config --get commit.template [50ms]
2023-02-13 18:11:32.802 [info] > git rev-list --left-right --count main...origin/main [1ms]
2023-02-13 18:11:32.914 [info] > git status -z -uall [60ms]
2023-02-13 18:11:32.915 [info] > git for-each-ref --sort -committerdate --format %(refname) %(objectname) %(*objectname) [7ms]
2023-02-13 18:11:42.071 [warning] ENOENT: no such file or directory, open '/home/gopath/src/client-go-exercise/--git-common-dir/config'
2023-02-13 18:11:42.076 [info] > git remote --verbose [6ms]
2023-02-13 18:11:42.077 [info] > git config --get commit.template [2ms]
2023-02-13 18:11:42.084 [info] > git for-each-ref --format=%(refname)%00%(upstream:short)%00%(objectname) refs/heads/main refs/remotes/main [2ms]
2023-02-13 18:11:42.091 [info] > git rev-list --left-right --count main...origin/main [1ms]
2023-02-13 18:11:42.104 [info] > git status -z -uall [8ms]
2023-02-13 18:11:42.106 [info] > git for-each-ref --sort -committerdate --format %(refname) %(objectname) %(*objectname) [3ms]
2023-02-13 18:12:04.972 [warning] ENOENT: no such file or directory, open '/home/gopath/src/client-go-exercise/--git-common-dir/config'
2023-02-13 18:12:04.979 [info] > git remote --verbose [7ms]
2023-02-13 18:12:04.988 [info] > git for-each-ref --format=%(refname)%00%(upstream:short)%00%(objectname) refs/heads/main refs/remotes/main [0ms]
2023-02-13 18:12:05.012 [info] > git config --get commit.template [33ms]
2023-02-13 18:12:05.013 [info] > git rev-list --left-right --count main...origin/main [2ms]
2023-02-13 18:12:05.037 [info] > git status -z -uall [16ms]
2023-02-13 18:12:05.040 [info] > git for-each-ref --sort -committerdate --format %(refname) %(objectname) %(*objectname) [3ms]
2023-02-13 18:12:10.052 [warning] ENOENT: no such file or directory, open '/home/gopath/src/client-go-exercise/--git-common-dir/config'
2023-02-13 18:12:10.061 [info] > git config --get commit.template [1ms]
2023-02-13 18:12:10.061 [info] > git remote --verbose [9ms]
2023-02-13 18:12:10.068 [info] > git for-each-ref --format=%(refname)%00%(upstream:short)%00%(objectname) refs/heads/main refs/remotes/main [1ms]
2023-02-13 18:12:10.076 [info] > git rev-list --left-right --count main...origin/main [1ms]
2023-02-13 18:12:10.091 [info] > git status -z -uall [9ms]
2023-02-13 18:12:10.093 [info] > git for-each-ref --sort -committerdate --format %(refname) %(objectname) %(*objectname) [3ms]
2023-02-13 18:12:15.119 [warning] ENOENT: no such file or directory, open '/home/gopath/src/client-go-exercise/--git-common-dir/config'
2023-02-13 18:12:15.128 [info] > git remote --verbose [9ms]
2023-02-13 18:12:15.131 [info] > git config --get commit.template [4ms]
2023-02-13 18:12:15.140 [info] > git for-each-ref --format=%(refname)%00%(upstream:short)%00%(objectname) refs/heads/main refs/remotes/main [2ms]
2023-02-13 18:12:15.146 [info] > git rev-list --left-right --count main...origin/main [0ms]
2023-02-13 18:12:15.161 [info] > git status -z -uall [8ms]
2023-02-13 18:12:15.163 [info] > git for-each-ref --sort -committerdate --format %(refname) %(objectname) %(*objectname) [2ms]
2023-02-13 18:13:06.577 [warning] ENOENT: no such file or directory, open '/home/gopath/src/client-go-exercise/--git-common-dir/config'
2023-02-13 18:13:06.583 [info] > git remote --verbose [6ms]
2023-02-13 18:13:06.584 [info] > git config --get commit.template [1ms]
2023-02-13 18:13:06.593 [info] > git for-each-ref --format=%(refname)%00%(upstream:short)%00%(objectname) refs/heads/main refs/remotes/main [1ms]
2023-02-13 18:13:06.600 [info] > git rev-list --left-right --count main...origin/main [2ms]
2023-02-13 18:13:06.613 [info] > git status -z -uall [8ms]
2023-02-13 18:13:06.615 [info] > git for-each-ref --sort -committerdate --format %(refname) %(objectname) %(*objectname) [3ms]
2023-02-13 18:13:11.670 [warning] ENOENT: no such file or directory, open '/home/gopath/src/client-go-exercise/--git-common-dir/config'
2023-02-13 18:13:11.677 [info] > git remote --verbose [7ms]
2023-02-13 18:13:11.678 [info] > git config --get commit.template [1ms]
2023-02-13 18:13:11.684 [info] > git for-each-ref --format=%(refname)%00%(upstream:short)%00%(objectname) refs/heads/main refs/remotes/main [1ms]
2023-02-13 18:13:11.690 [info] > git rev-list --left-right --count main...origin/main [0ms]
2023-02-13 18:13:11.708 [info] > git status -z -uall [12ms]
2023-02-13 18:13:11.708 [info] > git for-each-ref --sort -committerdate --format %(refname) %(objectname) %(*objectname) [1ms]
2023-02-13 18:13:16.725 [warning] ENOENT: no such file or directory, open '/home/gopath/src/client-go-exercise/--git-common-dir/config'
2023-02-13 18:13:16.732 [info] > git config --get commit.template [1ms]
2023-02-13 18:13:16.732 [info] > git remote --verbose [7ms]
2023-02-13 18:13:16.739 [info] > git for-each-ref --format=%(refname)%00%(upstream:short)%00%(objectname) refs/heads/main refs/remotes/main [1ms]
2023-02-13 18:13:16.747 [info] > git rev-list --left-right --count main...origin/main [1ms]
2023-02-13 18:13:16.762 [info] > git status -z -uall [8ms]
2023-02-13 18:13:16.764 [info] > git for-each-ref --sort -committerdate --format %(refname) %(objectname) %(*objectname) [3ms]
2023-02-13 18:14:58.719 [warning] ENOENT: no such file or directory, open '/home/gopath/src/client-go-exercise/--git-common-dir/config'
2023-02-13 18:14:58.747 [info] > git config --get commit.template [0ms]
2023-02-13 18:14:58.747 [info] > git remote --verbose [28ms]
2023-02-13 18:14:58.765 [info] > git ls-files --stage -- /home/gopath/src/client-go-exercise/dynamicclientdemo/main.go [1ms]
2023-02-13 18:14:58.786 [info] > git for-each-ref --format=%(refname)%00%(upstream:short)%00%(objectname) refs/heads/main refs/remotes/main [0ms]
2023-02-13 18:14:58.795 [info] > git cat-file -s 97ad142671c1c2c283a1373793863c05ef93fe17 [17ms]
2023-02-13 18:14:58.797 [info] > git rev-list --left-right --count main...origin/main [2ms]
2023-02-13 18:14:58.826 [info] > git status -z -uall [21ms]
2023-02-13 18:14:58.826 [info] > git show --textconv :dynamicclientdemo/main.go [1ms]
2023-02-13 18:14:58.827 [info] > git for-each-ref --sort -committerdate --format %(refname) %(objectname) %(*objectname) [15ms]
2023-02-17 15:12:13.714 [warning] ENOENT: no such file or directory, open '/home/gopath/src/client-go-exercise/--git-common-dir/config'
2023-02-17 15:12:13.727 [info] > git config --get commit.template [1ms]
2023-02-17 15:12:13.727 [info] > git remote --verbose [13ms]
2023-02-17 15:12:13.752 [info] > git for-each-ref --format=%(refname)%00%(upstream:short)%00%(objectname) refs/heads/main refs/remotes/main [5ms]
2023-02-17 15:12:13.762 [info] > git rev-list --left-right --count main...origin/main [3ms]
2023-02-17 15:12:13.782 [info] > git for-each-ref --sort -committerdate --format %(refname) %(objectname) %(*objectname) [2ms]
2023-02-17 15:12:13.822 [info] > git status -z -uall [50ms]
2023-02-17 15:12:18.833 [warning] ENOENT: no such file or directory, open '/home/gopath/src/client-go-exercise/--git-common-dir/config'
2023-02-17 15:12:18.839 [info] > git remote --verbose [6ms]
2023-02-17 15:12:18.841 [info] > git config --get commit.template [2ms]
2023-02-17 15:12:18.850 [info] > git for-each-ref --format=%(refname)%00%(upstream:short)%00%(objectname) refs/heads/main refs/remotes/main [1ms]
2023-02-17 15:12:18.857 [info] > git rev-list --left-right --count main...origin/main [0ms]
2023-02-17 15:12:18.875 [info] > git status -z -uall [12ms]
2023-02-17 15:12:18.876 [info] > git for-each-ref --sort -committerdate --format %(refname) %(objectname) %(*objectname) [0ms]
2023-02-17 15:12:28.594 [warning] ENOENT: no such file or directory, open '/home/gopath/src/client-go-exercise/--git-common-dir/config'
2023-02-17 15:12:28.601 [info] > git config --get commit.template [1ms]
2023-02-17 15:12:28.601 [info] > git remote --verbose [7ms]
2023-02-17 15:12:28.608 [info] > git for-each-ref --format=%(refname)%00%(upstream:short)%00%(objectname) refs/heads/main refs/remotes/main [2ms]
2023-02-17 15:12:28.615 [info] > git rev-list --left-right --count main...origin/main [2ms]
2023-02-17 15:12:28.630 [info] > git status -z -uall [7ms]
2023-02-17 15:12:28.631 [info] > git for-each-ref --sort -committerdate --format %(refname) %(objectname) %(*objectname) [1ms]
2023-02-17 15:13:32.636 [warning] ENOENT: no such file or directory, open '/home/gopath/src/client-go-exercise/--git-common-dir/config'
2023-02-17 15:13:32.649 [info] > git config --get commit.template [1ms]
2023-02-17 15:13:32.650 [info] > git remote --verbose [14ms]
2023-02-17 15:13:32.663 [info] > git for-each-ref --format=%(refname)%00%(upstream:short)%00%(objectname) refs/heads/main refs/remotes/main [1ms]
2023-02-17 15:13:32.687 [info] > git rev-list --left-right --count main...origin/main [6ms]
2023-02-17 15:13:32.726 [info] > git status -z -uall [29ms]
2023-02-17 15:13:32.727 [info] > git for-each-ref --sort -committerdate --format %(refname) %(objectname) %(*objectname) [2ms]
2023-02-17 15:13:37.744 [info] Log level: Info
2023-02-17 15:13:37.744 [info] Validating found git in: "git"
2023-02-17 15:13:37.744 [info] Using git "1.8.3.1" from "git"
2023-02-17 15:13:37.744 [info] > git rev-parse --show-toplevel [18ms]
2023-02-17 15:13:37.744 [info] > git rev-parse --git-dir --git-common-dir [11ms]
2023-02-17 15:13:37.744 [info] Open repository: /home/gopath/src/client-go-exercise
2023-02-17 15:13:37.745 [warning] ENOENT: no such file or directory, open '/home/gopath/src/client-go-exercise/--git-common-dir/config'
2023-02-17 15:13:37.745 [info] > git config --get commit.template [188ms]
2023-02-17 15:13:37.776 [info] > git remote --verbose [240ms]
2023-02-17 15:13:37.785 [info] > git for-each-ref --format=%(refname)%00%(upstream:short)%00%(objectname) refs/heads/main refs/remotes/main [0ms]
2023-02-17 15:13:37.800 [info] > git rev-list --left-right --count main...origin/main [0ms]
2023-02-17 15:13:37.851 [info] > git for-each-ref --sort -committerdate --format %(refname) %(objectname) %(*objectname) [2ms]
2023-02-17 15:13:37.854 [info] > git status -z -uall [25ms]
2023-02-17 15:13:37.895 [warning] ENOENT: no such file or directory, open '/home/gopath/src/client-go-exercise/--git-common-dir/config'
2023-02-17 15:13:37.903 [info] > git remote --verbose [9ms]
2023-02-17 15:13:37.917 [info] > git for-each-ref --format=%(refname)%00%(upstream:short)%00%(objectname) refs/heads/main refs/remotes/main [1ms]
2023-02-17 15:13:37.927 [info] > git config --get commit.template [24ms]
2023-02-17 15:13:37.928 [info] > git rev-list --left-right --count main...origin/main [1ms]
2023-02-17 15:13:37.969 [info] > git status -z -uall [23ms]
2023-02-17 15:13:37.969 [info] > git for-each-ref --sort -committerdate --format %(refname) %(objectname) %(*objectname) [13ms]
2023-02-17 15:13:39.728 [warning] ENOENT: no such file or directory, open '/home/gopath/src/client-go-exercise/--git-common-dir/config'
2023-02-17 15:13:39.736 [info] > git config --get commit.template [1ms]
2023-02-17 15:13:39.736 [info] > git remote --verbose [8ms]
2023-02-17 15:13:39.744 [info] > git for-each-ref --format=%(refname)%00%(upstream:short)%00%(objectname) refs/heads/main refs/remotes/main [1ms]
2023-02-17 15:13:39.751 [info] > git rev-list --left-right --count main...origin/main [2ms]
2023-02-17 15:13:39.766 [info] > git status -z -uall [7ms]
2023-02-17 15:13:39.768 [info] > git for-each-ref --sort -committerdate --format %(refname) %(objectname) %(*objectname) [3ms]
2023-02-17 15:13:45.953 [warning] ENOENT: no such file or directory, open '/home/gopath/src/client-go-exercise/--git-common-dir/config'
2023-02-17 15:13:45.961 [info] > git config --get commit.template [1ms]
2023-02-17 15:13:45.961 [info] > git remote --verbose [8ms]
2023-02-17 15:13:45.968 [info] > git for-each-ref --format=%(refname)%00%(upstream:short)%00%(objectname) refs/heads/main refs/remotes/main [1ms]
2023-02-17 15:13:45.975 [info] > git rev-list --left-right --count main...origin/main [2ms]
2023-02-17 15:13:45.989 [info] > git status -z -uall [8ms]
2023-02-17 15:13:45.989 [info] > git for-each-ref --sort -committerdate --format %(refname) %(objectname) %(*objectname) [2ms]
2023-02-17 15:13:51.984 [info] > git check-ignore -v -z --stdin [152ms]
2023-02-17 15:13:52.145 [info] > git show --textconv :discoveryclientdemo/main.go [32ms]
2023-02-17 15:13:52.168 [info] > git ls-files --stage -- /home/gopath/src/client-go-exercise/discoveryclientdemo/main.go [41ms]
2023-02-17 15:13:53.789 [warning] ENOENT: no such file or directory, open '/home/gopath/src/client-go-exercise/--git-common-dir/config'
2023-02-17 15:13:53.797 [info] > git config --get commit.template [1ms]
2023-02-17 15:13:53.797 [info] > git remote --verbose [8ms]
2023-02-17 15:13:53.806 [info] > git for-each-ref --format=%(refname)%00%(upstream:short)%00%(objectname) refs/heads/main refs/remotes/main [1ms]
2023-02-17 15:13:53.814 [info] > git rev-list --left-right --count main...origin/main [2ms]
2023-02-17 15:13:53.835 [info] > git status -z -uall [10ms]
2023-02-17 15:13:53.836 [info] > git for-each-ref --sort -committerdate --format %(refname) %(objectname) %(*objectname) [2ms]
2023-02-17 15:13:58.848 [warning] ENOENT: no such file or directory, open '/home/gopath/src/client-go-exercise/--git-common-dir/config'
2023-02-17 15:13:58.856 [info] > git remote --verbose [9ms]
2023-02-17 15:13:58.857 [info] > git config --get commit.template [2ms]
2023-02-17 15:13:58.866 [info] > git for-each-ref --format=%(refname)%00%(upstream:short)%00%(objectname) refs/heads/main refs/remotes/main [1ms]
2023-02-17 15:13:58.875 [info] > git rev-list --left-right --count main...origin/main [1ms]
2023-02-17 15:13:58.898 [info] > git status -z -uall [14ms]
2023-02-17 15:13:58.898 [info] > git for-each-ref --sort -committerdate --format %(refname) %(objectname) %(*objectname) [1ms]
2023-02-17 15:14:14.524 [warning] ENOENT: no such file or directory, open '/home/gopath/src/client-go-exercise/--git-common-dir/config'
2023-02-17 15:14:14.537 [info] > git remote --verbose [14ms]
2023-02-17 15:14:14.541 [info] > git config --get commit.template [6ms]
2023-02-17 15:14:14.613 [info] > git for-each-ref --format=%(refname)%00%(upstream:short)%00%(objectname) refs/heads/main refs/remotes/main [2ms]
2023-02-17 15:14:14.710 [info] > git rev-list --left-right --count main...origin/main [51ms]
2023-02-17 15:14:14.767 [info] > git for-each-ref --sort -committerdate --format %(refname) %(objectname) %(*objectname) [1ms]
2023-02-17 15:14:14.776 [info] > git status -z -uall [32ms]
2023-02-17 15:14:21.226 [warning] ENOENT: no such file or directory, open '/home/gopath/src/client-go-exercise/--git-common-dir/config'
2023-02-17 15:14:21.232 [info] > git remote --verbose [6ms]
2023-02-17 15:14:21.233 [info] > git config --get commit.template [2ms]
2023-02-17 15:14:21.240 [info] > git for-each-ref --format=%(refname)%00%(upstream:short)%00%(objectname) refs/heads/main refs/remotes/main [0ms]
2023-02-17 15:14:21.247 [info] > git rev-list --left-right --count main...origin/main [1ms]
2023-02-17 15:14:21.261 [info] > git for-each-ref --sort -committerdate --format %(refname) %(objectname) %(*objectname) [2ms]
2023-02-17 15:14:21.261 [info] > git status -z -uall [9ms]
2023-02-17 15:14:27.338 [warning] ENOENT: no such file or directory, open '/home/gopath/src/client-go-exercise/--git-common-dir/config'
2023-02-17 15:14:27.347 [info] > git remote --verbose [8ms]
2023-02-17 15:14:27.347 [info] > git config --get commit.template [2ms]
2023-02-17 15:14:27.358 [info] > git for-each-ref --format=%(refname)%00%(upstream:short)%00%(objectname) refs/heads/main refs/remotes/main [2ms]
2023-02-17 15:14:27.366 [info] > git rev-list --left-right --count main...origin/main [2ms]
2023-02-17 15:14:27.385 [info] > git status -z -uall [9ms]
2023-02-17 15:14:27.388 [info] > git for-each-ref --sort -committerdate --format %(refname) %(objectname) %(*objectname) [4ms]
2023-02-17 15:14:34.994 [warning] ENOENT: no such file or directory, open '/home/gopath/src/client-go-exercise/--git-common-dir/config'
2023-02-17 15:14:35.018 [info] > git remote --verbose [23ms]
2023-02-17 15:14:35.018 [info] > git config --get commit.template [1ms]
2023-02-17 15:14:35.066 [info] > git for-each-ref --format=%(refname)%00%(upstream:short)%00%(objectname) refs/heads/main refs/remotes/main [2ms]
2023-02-17 15:14:35.081 [info] > git rev-list --left-right --count main...origin/main [4ms]
2023-02-17 15:14:35.129 [info] > git status -z -uall [27ms]
2023-02-17 15:14:35.130 [info] > git for-each-ref --sort -committerdate --format %(refname) %(objectname) %(*objectname) [2ms]
2023-02-17 15:14:40.140 [warning] ENOENT: no such file or directory, open '/home/gopath/src/client-go-exercise/--git-common-dir/config'
2023-02-17 15:14:40.149 [info] > git remote --verbose [9ms]
2023-02-17 15:14:40.149 [info] > git config --get commit.template [3ms]
2023-02-17 15:14:40.157 [info] > git for-each-ref --format=%(refname)%00%(upstream:short)%00%(objectname) refs/heads/main refs/remotes/main [0ms]
2023-02-17 15:14:40.164 [info] > git rev-list --left-right --count main...origin/main [0ms]
2023-02-17 15:14:40.181 [info] > git status -z -uall [10ms]
2023-02-17 15:14:40.183 [info] > git for-each-ref --sort -committerdate --format %(refname) %(objectname) %(*objectname) [2ms]
2023-02-17 15:14:45.193 [warning] ENOENT: no such file or directory, open '/home/gopath/src/client-go-exercise/--git-common-dir/config'
2023-02-17 15:14:45.201 [info] > git config --get commit.template [1ms]
2023-02-17 15:14:45.201 [info] > git remote --verbose [8ms]
2023-02-17 15:14:45.210 [info] > git for-each-ref --format=%(refname)%00%(upstream:short)%00%(objectname) refs/heads/main refs/remotes/main [1ms]
2023-02-17 15:14:45.217 [info] > git rev-list --left-right --count main...origin/main [1ms]
2023-02-17 15:14:45.233 [info] > git status -z -uall [8ms]
2023-02-17 15:14:45.233 [info] > git for-each-ref --sort -committerdate --format %(refname) %(objectname) %(*objectname) [1ms]
2023-02-17 15:14:50.243 [warning] ENOENT: no such file or directory, open '/home/gopath/src/client-go-exercise/--git-common-dir/config'
2023-02-17 15:14:50.250 [info] > git config --get commit.template [1ms]
2023-02-17 15:14:50.251 [info] > git remote --verbose [7ms]
2023-02-17 15:14:50.259 [info] > git for-each-ref --format=%(refname)%00%(upstream:short)%00%(objectname) refs/heads/main refs/remotes/main [1ms]
2023-02-17 15:14:50.265 [info] > git rev-list --left-right --count main...origin/main [0ms]
2023-02-17 15:14:50.280 [info] > git for-each-ref --sort -committerdate --format %(refname) %(objectname) %(*objectname) [0ms]
2023-02-17 15:14:50.282 [info] > git status -z -uall [11ms]
2023-02-17 15:14:53.699 [info] > git check-ignore -v -z --stdin [4ms]
2023-02-17 15:14:55.292 [warning] ENOENT: no such file or directory, open '/home/gopath/src/client-go-exercise/--git-common-dir/config'
2023-02-17 15:14:55.298 [info] > git config --get commit.template [1ms]
2023-02-17 15:14:55.298 [info] > git remote --verbose [7ms]
2023-02-17 15:14:55.306 [info] > git for-each-ref --format=%(refname)%00%(upstream:short)%00%(objectname) refs/heads/main refs/remotes/main [1ms]
2023-02-17 15:14:55.312 [info] > git rev-list --left-right --count main...origin/main [0ms]
2023-02-17 15:14:55.327 [info] > git for-each-ref --sort -committerdate --format %(refname) %(objectname) %(*objectname) [2ms]
2023-02-17 15:14:55.327 [info] > git status -z -uall [8ms]
2023-02-17 15:15:00.343 [warning] ENOENT: no such file or directory, open '/home/gopath/src/client-go-exercise/--git-common-dir/config'
2023-02-17 15:15:00.354 [info] > git config --get commit.template [2ms]
2023-02-17 15:15:00.354 [info] > git remote --verbose [11ms]
2023-02-17 15:15:00.366 [info] > git for-each-ref --format=%(refname)%00%(upstream:short)%00%(objectname) refs/heads/main refs/remotes/main [3ms]
2023-02-17 15:15:00.377 [info] > git rev-list --left-right --count main...origin/main [0ms]
2023-02-17 15:15:00.397 [info] > git status -z -uall [11ms]
2023-02-17 15:15:00.398 [info] > git for-each-ref --sort -committerdate --format %(refname) %(objectname) %(*objectname) [3ms]
2023-02-17 15:15:14.681 [warning] ENOENT: no such file or directory, open '/home/gopath/src/client-go-exercise/--git-common-dir/config'
2023-02-17 15:15:14.689 [info] > git remote --verbose [8ms]
2023-02-17 15:15:14.689 [info] > git config --get commit.template [1ms]
2023-02-17 15:15:14.696 [info] > git for-each-ref --format=%(refname)%00%(upstream:short)%00%(objectname) refs/heads/main refs/remotes/main [2ms]
2023-02-17 15:15:14.703 [info] > git rev-list --left-right --count main...origin/main [1ms]
2023-02-17 15:15:14.716 [info] > git for-each-ref --sort -committerdate --format %(refname) %(objectname) %(*objectname) [0ms]
2023-02-17 15:15:14.718 [info] > git status -z -uall [10ms]
2023-02-17 15:15:34.960 [warning] ENOENT: no such file or directory, open '/home/gopath/src/client-go-exercise/--git-common-dir/config'
2023-02-17 15:15:34.968 [info] > git config --get commit.template [1ms]
2023-02-17 15:15:34.968 [info] > git remote --verbose [8ms]
2023-02-17 15:15:34.986 [info] > git for-each-ref --format=%(refname)%00%(upstream:short)%00%(objectname) refs/heads/main refs/remotes/main [4ms]
2023-02-17 15:15:34.997 [info] > git rev-list --left-right --count main...origin/main [0ms]
2023-02-17 15:15:35.017 [info] > git for-each-ref --sort -committerdate --format %(refname) %(objectname) %(*objectname) [1ms]
2023-02-17 15:15:35.017 [info] > git status -z -uall [9ms]
2023-02-17 15:17:14.180 [info] > git check-ignore -v -z --stdin [1ms]
2023-02-17 15:17:15.313 [warning] ENOENT: no such file or directory, open '/home/gopath/src/client-go-exercise/--git-common-dir/config'
2023-02-17 15:17:15.320 [info] > git remote --verbose [6ms]
2023-02-17 15:17:15.320 [info] > git config --get commit.template [1ms]
2023-02-17 15:17:15.327 [info] > git for-each-ref --format=%(refname)%00%(upstream:short)%00%(objectname) refs/heads/main refs/remotes/main [1ms]
2023-02-17 15:17:15.334 [info] > git rev-list --left-right --count main...origin/main [1ms]
2023-02-17 15:17:15.346 [info] > git for-each-ref --sort -committerdate --format %(refname) %(objectname) %(*objectname) [0ms]
2023-02-17 15:17:15.347 [info] > git status -z -uall [7ms]
2023-02-17 15:17:32.078 [warning] ENOENT: no such file or directory, open '/home/gopath/src/client-go-exercise/--git-common-dir/config'
2023-02-17 15:17:32.106 [info] > git config --get commit.template [1ms]
2023-02-17 15:17:32.106 [info] > git remote --verbose [28ms]
2023-02-17 15:17:32.114 [info] > git for-each-ref --format=%(refname)%00%(upstream:short)%00%(objectname) refs/heads/main refs/remotes/main [2ms]
2023-02-17 15:17:32.122 [info] > git rev-list --left-right --count main...origin/main [0ms]
2023-02-17 15:17:32.166 [info] > git status -z -uall [15ms]
2023-02-17 15:17:32.168 [info] > git for-each-ref --sort -committerdate --format %(refname) %(objectname) %(*objectname) [1ms]
2023-02-17 15:17:44.411 [warning] ENOENT: no such file or directory, open '/home/gopath/src/client-go-exercise/--git-common-dir/config'
2023-02-17 15:17:44.426 [info] > git config --get commit.template [1ms]
2023-02-17 15:17:44.426 [info] > git remote --verbose [15ms]
2023-02-17 15:17:44.433 [info] > git for-each-ref --format=%(refname)%00%(upstream:short)%00%(objectname) refs/heads/main refs/remotes/main [2ms]
2023-02-17 15:17:44.439 [info] > git rev-list --left-right --count main...origin/main [2ms]
2023-02-17 15:17:44.451 [info] > git for-each-ref --sort -committerdate --format %(refname) %(objectname) %(*objectname) [1ms]
2023-02-17 15:17:44.452 [info] > git status -z -uall [8ms]
2023-02-17 15:17:49.501 [warning] ENOENT: no such file or directory, open '/home/gopath/src/client-go-exercise/--git-common-dir/config'
2023-02-17 15:17:49.521 [info] > git remote --verbose [21ms]
2023-02-17 15:17:49.541 [info] > git for-each-ref --format=%(refname)%00%(upstream:short)%00%(objectname) refs/heads/main refs/remotes/main [1ms]
2023-02-17 15:17:49.586 [info] > git config --get commit.template [66ms]
2023-02-17 15:17:49.587 [info] > git rev-list --left-right --count main...origin/main [1ms]
2023-02-17 15:17:49.645 [info] > git status -z -uall [26ms]
2023-02-17 15:17:49.646 [info] > git for-each-ref --sort -committerdate --format %(refname) %(objectname) %(*objectname) [1ms]
2023-02-17 15:18:35.944 [warning] ENOENT: no such file or directory, open '/home/gopath/src/client-go-exercise/--git-common-dir/config'
2023-02-17 15:18:35.969 [info] > git config --get commit.template [16ms]
2023-02-17 15:18:35.969 [info] > git remote --verbose [25ms]
2023-02-17 15:18:35.971 [info] > git for-each-ref --format=%(refname)%00%(upstream:short)%00%(objectname) refs/heads/main refs/remotes/main [4ms]
2023-02-17 15:18:35.979 [info] > git rev-list --left-right --count main...origin/main [2ms]
2023-02-17 15:18:35.996 [info] > git status -z -uall [9ms]
2023-02-17 15:18:35.997 [info] > git for-each-ref --sort -committerdate --format %(refname) %(objectname) %(*objectname) [2ms]
2023-02-17 15:18:41.009 [warning] ENOENT: no such file or directory, open '/home/gopath/src/client-go-exercise/--git-common-dir/config'
2023-02-17 15:18:41.021 [info] > git remote --verbose [11ms]
2023-02-17 15:18:41.032 [info] > git config --get commit.template [12ms]
2023-02-17 15:18:41.033 [info] > git for-each-ref --format=%(refname)%00%(upstream:short)%00%(objectname) refs/heads/main refs/remotes/main [2ms]
2023-02-17 15:18:41.042 [info] > git rev-list --left-right --count main...origin/main [1ms]
2023-02-17 15:18:41.059 [info] > git for-each-ref --sort -committerdate --format %(refname) %(objectname) %(*objectname) [2ms]
2023-02-17 15:18:41.062 [info] > git status -z -uall [15ms]
2023-02-17 15:18:41.715 [info] > git show --textconv :discoveryclientdemo/go.sum [35ms]
2023-02-17 15:18:41.715 [info] > git ls-files --stage -- /home/gopath/src/client-go-exercise/discoveryclientdemo/go.sum [3ms]
2023-02-17 15:18:42.879 [info] > git show --textconv :discoveryclientdemo/go.mod [22ms]
2023-02-17 15:18:42.882 [info] > git ls-files --stage -- /home/gopath/src/client-go-exercise/discoveryclientdemo/go.mod [4ms]
2023-02-17 15:18:46.085 [warning] ENOENT: no such file or directory, open '/home/gopath/src/client-go-exercise/--git-common-dir/config'
2023-02-17 15:18:46.120 [info] > git config --get commit.template [1ms]
2023-02-17 15:18:46.120 [info] > git remote --verbose [35ms]
2023-02-17 15:18:46.136 [info] > git for-each-ref --format=%(refname)%00%(upstream:short)%00%(objectname) refs/heads/main refs/remotes/main [1ms]
2023-02-17 15:18:46.160 [info] > git rev-list --left-right --count main...origin/main [0ms]
2023-02-17 15:18:46.237 [info] > git status -z -uall [49ms]
2023-02-17 15:18:46.237 [info] > git for-each-ref --sort -committerdate --format %(refname) %(objectname) %(*objectname) [1ms]
2023-02-17 15:18:51.253 [warning] ENOENT: no such file or directory, open '/home/gopath/src/client-go-exercise/--git-common-dir/config'
2023-02-17 15:18:51.259 [info] > git remote --verbose [7ms]
2023-02-17 15:18:51.260 [info] > git config --get commit.template [2ms]
2023-02-17 15:18:51.266 [info] > git for-each-ref --format=%(refname)%00%(upstream:short)%00%(objectname) refs/heads/main refs/remotes/main [0ms]
2023-02-17 15:18:51.273 [info] > git rev-list --left-right --count main...origin/main [1ms]
2023-02-17 15:18:51.288 [info] > git for-each-ref --sort -committerdate --format %(refname) %(objectname) %(*objectname) [1ms]
2023-02-17 15:18:51.289 [info] > git status -z -uall [10ms]
2023-02-17 15:18:58.737 [warning] ENOENT: no such file or directory, open '/home/gopath/src/client-go-exercise/--git-common-dir/config'
2023-02-17 15:18:58.746 [info] > git config --get commit.template [2ms]
2023-02-17 15:18:58.752 [info] > git remote --verbose [15ms]
2023-02-17 15:18:58.753 [info] > git for-each-ref --format=%(refname)%00%(upstream:short)%00%(objectname) refs/heads/main refs/remotes/main [2ms]
2023-02-17 15:18:58.760 [info] > git rev-list --left-right --count main...origin/main [0ms]
2023-02-17 15:18:58.776 [info] > git status -z -uall [9ms]
2023-02-17 15:18:58.777 [info] > git for-each-ref --sort -committerdate --format %(refname) %(objectname) %(*objectname) [3ms]
2023-02-17 15:19:03.786 [warning] ENOENT: no such file or directory, open '/home/gopath/src/client-go-exercise/--git-common-dir/config'
2023-02-17 15:19:03.793 [info] > git remote --verbose [6ms]
2023-02-17 15:19:03.793 [info] > git config --get commit.template [1ms]
2023-02-17 15:19:03.800 [info] > git for-each-ref --format=%(refname)%00%(upstream:short)%00%(objectname) refs/heads/main refs/remotes/main [1ms]
2023-02-17 15:19:03.807 [info] > git rev-list --left-right --count main...origin/main [1ms]
2023-02-17 15:19:03.821 [info] > git status -z -uall [6ms]
2023-02-17 15:19:03.822 [info] > git for-each-ref --sort -committerdate --format %(refname) %(objectname) %(*objectname) [2ms]
2023-02-17 15:19:14.552 [warning] ENOENT: no such file or directory, open '/home/gopath/src/client-go-exercise/--git-common-dir/config'
2023-02-17 15:19:14.633 [info] > git config --get commit.template [54ms]
2023-02-17 15:19:14.650 [info] > git remote --verbose [98ms]
2023-02-17 15:19:14.667 [info] > git for-each-ref --format=%(refname)%00%(upstream:short)%00%(objectname) refs/heads/main refs/remotes/main [67ms]
2023-02-17 15:19:14.698 [info] > git rev-list --left-right --count main...origin/main [16ms]
2023-02-17 15:19:14.732 [info] > git for-each-ref --sort -committerdate --format %(refname) %(objectname) %(*objectname) [1ms]
2023-02-17 15:19:15.778 [info] > git status -z -uall [1061ms]
2023-02-17 15:19:20.875 [warning] ENOENT: no such file or directory, open '/home/gopath/src/client-go-exercise/--git-common-dir/config'
2023-02-17 15:19:20.883 [info] > git config --get commit.template [2ms]
2023-02-17 15:19:20.883 [info] > git remote --verbose [8ms]
2023-02-17 15:19:20.892 [info] > git for-each-ref --format=%(refname)%00%(upstream:short)%00%(objectname) refs/heads/main refs/remotes/main [4ms]
2023-02-17 15:19:20.900 [info] > git rev-list --left-right --count main...origin/main [2ms]
2023-02-17 15:19:20.915 [info] > git for-each-ref --sort -committerdate --format %(refname) %(objectname) %(*objectname) [3ms]
2023-02-17 15:19:20.935 [info] > git status -z -uall [29ms]
2023-02-17 15:19:25.946 [warning] ENOENT: no such file or directory, open '/home/gopath/src/client-go-exercise/--git-common-dir/config'
2023-02-17 15:19:25.955 [info] > git remote --verbose [9ms]
2023-02-17 15:19:25.964 [info] > git for-each-ref --format=%(refname)%00%(upstream:short)%00%(objectname) refs/heads/main refs/remotes/main [1ms]
2023-02-17 15:19:25.971 [info] > git config --get commit.template [17ms]
2023-02-17 15:19:25.973 [info] > git rev-list --left-right --count main...origin/main [2ms]
2023-02-17 15:19:25.987 [info] > git status -z -uall [8ms]
2023-02-17 15:19:25.988 [info] > git for-each-ref --sort -committerdate --format %(refname) %(objectname) %(*objectname) [2ms]
2023-02-17 15:19:31.000 [warning] ENOENT: no such file or directory, open '/home/gopath/src/client-go-exercise/--git-common-dir/config'
2023-02-17 15:19:31.006 [info] > git remote --verbose [6ms]
2023-02-17 15:19:31.007 [info] > git config --get commit.template [1ms]
2023-02-17 15:19:31.014 [info] > git for-each-ref --format=%(refname)%00%(upstream:short)%00%(objectname) refs/heads/main refs/remotes/main [2ms]
2023-02-17 15:19:31.023 [info] > git rev-list --left-right --count main...origin/main [2ms]
2023-02-17 15:19:31.037 [info] > git for-each-ref --sort -committerdate --format %(refname) %(objectname) %(*objectname) [0ms]
2023-02-17 15:19:31.040 [info] > git status -z -uall [11ms]
2023-02-17 15:19:36.050 [warning] ENOENT: no such file or directory, open '/home/gopath/src/client-go-exercise/--git-common-dir/config'
2023-02-17 15:19:36.055 [info] > git remote --verbose [5ms]
2023-02-17 15:19:36.057 [info] > git config --get commit.template [1ms]
2023-02-17 15:19:36.063 [info] > git for-each-ref --format=%(refname)%00%(upstream:short)%00%(objectname) refs/heads/main refs/remotes/main [0ms]
2023-02-17 15:19:36.070 [info] > git rev-list --left-right --count main...origin/main [2ms]
2023-02-17 15:19:36.085 [info] > git for-each-ref --sort -committerdate --format %(refname) %(objectname) %(*objectname) [1ms]
2023-02-17 15:19:36.085 [info] > git status -z -uall [8ms]
