2023-02-12 19:08:06.043 [info] Extension host with pid 9235 started
2023-02-12 19:08:06.433 [info] ExtensionService#_doActivateExtension vscode.microsoft-authentication, startup: false, activationEvent: 'onAuthenticationRequest:microsoft'
2023-02-12 19:08:06.434 [info] ExtensionService#_doActivateExtension vscode.git-base, startup: true, activationEvent: '*', root cause: vscode.git
2023-02-12 19:08:06.662 [info] ExtensionService#_doActivateExtension vscode.git, startup: true, activationEvent: '*'
2023-02-12 19:08:06.663 [info] ExtensionService#_doActivateExtension vscode.github, startup: true, activationEvent: '*'
2023-02-12 19:08:06.920 [info] Eager extensions activated
2023-02-12 19:08:06.921 [info] ExtensionService#_doActivateExtension vscode.github-authentication, startup: false, activationEvent: 'onAuthenticationRequest:github'
2023-02-12 19:08:07.023 [info] ExtensionService#_doActivateExtension vscode.debug-auto-launch, startup: false, activationEvent: 'onStartupFinished'
2023-02-12 19:08:07.023 [info] ExtensionService#_doActivateExtension vscode.emmet, startup: false, activationEvent: 'onStartupFinished'
2023-02-12 19:08:07.023 [info] ExtensionService#_doActivateExtension vscode.merge-conflict, startup: false, activationEvent: 'onStartupFinished'
2023-02-12 19:08:14.252 [error] Error: Client network socket disconnected before secure TLS connection was established
	at connResetException (node:internal/errors:691:14)
	at TLSSocket.onConnectEnd (node:_tls_wrap:1585:19)
	at TLSSocket.emit (node:events:538:35)
	at endReadableNT (node:internal/streams/readable:1345:12)
	at process.processTicksAndRejections (node:internal/process/task_queues:83:21)
2023-02-12 19:08:17.427 [info] Extension host terminating: received terminate message from renderer
2023-02-12 19:08:17.441 [info] Extension host with pid 9235 exiting with code 0
2023-02-12 19:08:19.510 [info] Extension host with pid 9290 started
2023-02-12 19:08:19.510 [info] Skipping acquiring lock for /home/gopath/src/client-go-exercise/clientsetdemo/~/.vscode/User/workspaceStorage/3b1bdadb45c8a5f4b768e5308ed90b29.
2023-02-12 19:08:19.606 [info] ExtensionService#_doActivateExtension vscode.microsoft-authentication, startup: false, activationEvent: 'onAuthenticationRequest:microsoft'
2023-02-12 19:08:19.607 [info] ExtensionService#_doActivateExtension vscode.git-base, startup: true, activationEvent: '*'
2023-02-12 19:08:19.746 [info] ExtensionService#_doActivateExtension vscode.github, startup: true, activationEvent: '*'
2023-02-12 19:08:19.778 [info] ExtensionService#_doActivateExtension golang.go, startup: true, activationEvent: 'workspaceContains:*.go,*/*.go,*/*/*.go'
2023-02-12 19:08:20.271 [info] ExtensionService#_doActivateExtension vscode.github-authentication, startup: false, activationEvent: 'onAuthenticationRequest:github'
2023-02-12 19:08:20.711 [info] Eager extensions activated
2023-02-12 19:08:20.770 [info] ExtensionService#_doActivateExtension vscode.debug-auto-launch, startup: false, activationEvent: 'onStartupFinished'
2023-02-12 19:08:20.771 [info] ExtensionService#_doActivateExtension vscode.emmet, startup: false, activationEvent: 'onStartupFinished'
2023-02-12 19:08:20.771 [info] ExtensionService#_doActivateExtension vscode.merge-conflict, startup: false, activationEvent: 'onStartupFinished'
2023-02-12 19:08:22.316 [info] ExtensionService#_doActivateExtension vscode.git, startup: false, activationEvent: 'api', root cause: vscode.github
2023-02-12 19:08:31.237 [error] Error: Client network socket disconnected before secure TLS connection was established
	at connResetException (node:internal/errors:691:14)
	at TLSSocket.onConnectEnd (node:_tls_wrap:1585:19)
	at TLSSocket.emit (node:events:538:35)
	at endReadableNT (node:internal/streams/readable:1345:12)
	at process.processTicksAndRejections (node:internal/process/task_queues:83:21)
2023-02-12 19:08:32.116 [info] ExtensionService#_doActivateExtension vscode.configuration-editing, startup: false, activationEvent: 'onLanguage:jsonc'
2023-02-12 19:08:32.116 [info] ExtensionService#_doActivateExtension vscode.json-language-features, startup: false, activationEvent: 'onLanguage:jsonc'
2023-02-12 19:08:32.117 [info] ExtensionService#_doActivateExtension vscode.typescript-language-features, startup: false, activationEvent: 'onLanguage:jsonc'
2023-02-12 19:09:22.039 [error] Error: Client network socket disconnected before secure TLS connection was established
	at connResetException (node:internal/errors:691:14)
	at TLSSocket.onConnectEnd (node:_tls_wrap:1585:19)
	at TLSSocket.emit (node:events:538:35)
	at endReadableNT (node:internal/streams/readable:1345:12)
	at process.processTicksAndRejections (node:internal/process/task_queues:83:21)
2023-02-12 19:19:02.215 [info] Extension host terminating: received terminate message from renderer
2023-02-12 19:19:02.391 [info] Extension host with pid 9290 exiting with code 0
2023-02-12 19:19:05.088 [info] Extension host with pid 11358 started
2023-02-12 19:19:05.089 [info] Skipping acquiring lock for /home/gopath/src/client-go-exercise/clientsetdemo/~/.vscode/User/workspaceStorage/b067342e89beeeca7d3de99cc446ba15.
2023-02-12 19:19:05.274 [info] ExtensionService#_doActivateExtension vscode.microsoft-authentication, startup: false, activationEvent: 'onAuthenticationRequest:microsoft'
2023-02-12 19:19:05.274 [info] ExtensionService#_doActivateExtension vscode.git-base, startup: true, activationEvent: '*', root cause: vscode.git
2023-02-12 19:19:05.449 [info] ExtensionService#_doActivateExtension vscode.git, startup: true, activationEvent: '*'
2023-02-12 19:19:05.449 [info] ExtensionService#_doActivateExtension vscode.github, startup: true, activationEvent: '*'
2023-02-12 19:19:05.652 [info] ExtensionService#_doActivateExtension golang.go, startup: true, activationEvent: 'workspaceContains:*.go,*/*.go,*/*/*.go'
2023-02-12 19:19:05.774 [info] ExtensionService#_doActivateExtension vscode.github-authentication, startup: false, activationEvent: 'onAuthenticationRequest:github'
2023-02-12 19:19:06.503 [info] Eager extensions activated
2023-02-12 19:19:07.088 [info] ExtensionService#_doActivateExtension vscode.debug-auto-launch, startup: false, activationEvent: 'onStartupFinished'
2023-02-12 19:19:07.090 [info] ExtensionService#_doActivateExtension vscode.emmet, startup: false, activationEvent: 'onStartupFinished'
2023-02-12 19:19:07.090 [info] ExtensionService#_doActivateExtension vscode.merge-conflict, startup: false, activationEvent: 'onStartupFinished'
2023-02-12 19:19:13.707 [error] [golang.go] provider FAILED
2023-02-12 19:19:13.712 [error] Error: context canceled
	at handleResponse (/root/.vscode/extensions/golang.go-0.37.1/dist/goMain.js:4470:40)
	at processMessageQueue (/root/.vscode/extensions/golang.go-0.37.1/dist/goMain.js:4293:13)
	at Immediate.<anonymous> (/root/.vscode/extensions/golang.go-0.37.1/dist/goMain.js:4279:11)
	at process.processImmediate (node:internal/timers:466:21)
2023-02-12 19:20:33.884 [error] [golang.go] provider FAILED
2023-02-12 19:20:33.884 [error] Error: context canceled
	at handleResponse (/root/.vscode/extensions/golang.go-0.37.1/dist/goMain.js:4470:40)
	at processMessageQueue (/root/.vscode/extensions/golang.go-0.37.1/dist/goMain.js:4293:13)
	at Immediate.<anonymous> (/root/.vscode/extensions/golang.go-0.37.1/dist/goMain.js:4279:11)
	at process.processImmediate (node:internal/timers:466:21)
2023-02-12 19:20:35.015 [error] [golang.go] provider FAILED
2023-02-12 19:20:35.015 [error] Error: context canceled
	at handleResponse (/root/.vscode/extensions/golang.go-0.37.1/dist/goMain.js:4470:40)
	at processMessageQueue (/root/.vscode/extensions/golang.go-0.37.1/dist/goMain.js:4293:13)
	at Immediate.<anonymous> (/root/.vscode/extensions/golang.go-0.37.1/dist/goMain.js:4279:11)
	at process.processImmediate (node:internal/timers:466:21)
2023-02-12 19:33:13.622 [info] Extension host terminating: received terminate message from renderer
2023-02-12 19:33:13.706 [info] Extension host with pid 11358 exiting with code 0
